do run
loading script "felix_analysis400_120.py"
loading script "felix_pump_ms.py"
loading script "felix_diode.py"
loading script "felix_pump_extraction_line.py"
testing...
no interpolation path defined
executed snippet estimated_duration=624.242112, duration=0.000308036804199
script duration name:analysis400_120 seconds:624.0
loading script "felix_analysis400_120.py"
loading script "felix_pump_ms.py"
loading script "felix_diode.py"
loading script "felix_pump_extraction_line.py"
testing...
no interpolation path defined
executed snippet estimated_duration=0, duration=2.78949737549e-05
loading script "felix_analysis400_120.py"
loading script "felix_pump_ms.py"
loading script "felix_diode.py"
loading script "felix_pump_extraction_line.py"
testing...
no interpolation path defined
calculate duration
testing...
no interpolation path defined
executed snippet estimated_duration=0, duration=9.29832458496e-05
calculate duration
testing...
no interpolation path defined
executed snippet estimated_duration=0, duration=2.88486480713e-05
calculate duration
testing...
no interpolation path defined
executed snippet estimated_duration=42.0, duration=0.000108957290649
executed snippet estimated_duration=42.0, duration=0.00354409217834
script duration name:diode seconds:42.0
loading script "felix_analysis400_120.py"
loading script "felix_pump_ms.py"
loading script "felix_diode.py"
loading script "felix_pump_extraction_line.py"
testing...
no interpolation path defined
calculate duration
testing...
no interpolation path defined
executed snippet estimated_duration=4.0, duration=0.000197887420654
executed snippet estimated_duration=4.0, duration=0.00132703781128
Script duration 666.0
Run total estimated duration= 667.000
run duration: 0:11:07
doing event level: 2
08:16:06 -- Setting default integration. t=1.048576
setting integration time = 1.048576
SetIntegrationTime 1.048576 ===>> OK
----------------- start -----------------
**************** Experiment Type: Ar/Ar, Ar/Ar
create new session 4737276240
close session 4737276240
$$$$$ Clearing conditionals
adding conditionals 
Add queue conditionals
add default conditionals
adding default conditionals from /Users/obama/PychronDev/setupfiles/spectrometer/default_conditionals.yaml
Start automated run 65496-06D
loading script "felix_analysis400_120.py"
loading script "felix_pump_ms.py"
loading script "felix_diode.py"
loading script "felix_pump_extraction_line.py"
%%%%%%%%%%%%%%%%%% setting automated run 65496-06D
No value "sensitivity_multiplier" in metadata
$$$$$$$$$$$$$$$ auto_save_detector_ic=False
============================= Pre Extraction Check =============================
loading queue conditionals pre_run_terminations
loading system conditionals pre_run_terminations
loading conditionals from /Users/obama/PychronDev/setupfiles/spectrometer/default_conditionals.yaml
08:16:06 -- ******* Pre Extraction Check *******
Get a measurement from the spectrometer
Pre Extraction Termination data. keys=L2(CDD),H2,H1,AX,L1,L2, signals=0.00110,0.07185,-0.04999,-0.05799,-0.40867,-0.73396
08:16:06 -- testing system defined conditionals
Checking default pre extraction terminations n=2
testing L2_CDD_
evaluate ot="L2(CDD).inactive" t="L2_CDD_", ctx="{'L2_CDD_': False}"
GetDeflection L2 (CDD) ===>> 0
testing L2_CDD_==3250
evaluate ot="L2(CDD).deflection==3250" t="L2_CDD_==3250", ctx="{'L2_CDD_': 0.0}"
08:16:06 -- ******* Pre Extraction Check Passed *******
=================================================================================
08:16:06 -- stopping status monitor
stop 4746260400
Alive clients [4710156624]
08:16:06 -- starting status monitor
start 4746260400
Monitor already running
start extraction
do extraction
Analysis started at 08:16:06.448946
Extraction Started felix_diode.py
08:16:06 -- ******* Extraction Started felix_diode.py *******
state changed from not run to extraction
DO EXTRACTION <pychron.extraction_line.pyscript_runner.RemotePyScriptRunner object at 0x11b949710>
testing...
no interpolation path defined
calculate duration
testing...
no interpolation path defined
executed snippet estimated_duration=0, duration=0.000131130218506
calculate duration
testing...
no interpolation path defined
executed snippet estimated_duration=0, duration=2.90870666504e-05
calculate duration
testing...
no interpolation path defined
executed snippet estimated_duration=42.0, duration=0.000104904174805
executed snippet estimated_duration=204.0, duration=0.00510001182556
Felix unknown laser analysis
set_motor ('beam', '') {}
setting motor "beam" to 
doing GOSUB
testing...
no interpolation path defined
executed snippet estimated_duration=0, duration=0.000111818313599
Prepare for Diode Analysis
close () {'description': 'Felix Inlet'}
close name=--- desc=Felix Inlet
checking ownership. requestor=129.138.12.137
check software interlocks H
interlocks []
actuate state mode=None-script, software_lock=False
doing actuation None-script close_channel False
Close H ===>> OK
GetIndicatorState H ===>> False
change switch state (True, True)
update switch state H False args=() kw={} ncanvase=2
08:16:06 -- CLOSE  VALVE-H (Felix Inlet)
-------------------------- close None (Felix Inlet) result=[(True, True)]
action=close, ok=True, locked=[False]
open () {'description': 'Felix Ion Pump'}
open name=--- desc=Felix Ion Pump
checking ownership. requestor=129.138.12.137
check software interlocks V
interlocks []
actuate state mode=None-script, software_lock=False
doing actuation None-script open_channel False
Open V ===>> OK
GetIndicatorState V ===>> OK
change switch state (True, True)
update switch state V True args=() kw={} ncanvase=2
08:16:06 -- OPEN   VALVE-V (Felix Ion Pump)
-------------------------- open None (Felix Ion Pump) result=[(True, True)]
action=open, ok=True, locked=[False]
close () {'description': 'Bone to Minibone'}
close name=--- desc=Bone to Minibone
checking ownership. requestor=129.138.12.137
check software interlocks E
interlocks []
actuate state mode=None-script, software_lock=False
doing actuation None-script close_channel False
Close E ===>> OK
GetIndicatorState E ===>> False
change switch state (True, True)
update switch state E False args=() kw={} ncanvase=2
08:16:07 -- CLOSE  VALVE-E (Bone to Minibone)
-------------------------- close None (Bone to Minibone) result=[(True, True)]
action=close, ok=True, locked=[False]
open () {'description': 'Bone to Getter GP-50'}
open name=--- desc=Bone to Getter GP-50
checking ownership. requestor=129.138.12.137
check software interlocks N
interlocks []
actuate state mode=None-script, software_lock=False
doing actuation None-script open_channel False
Open N ===>> OK
GetIndicatorState N ===>> OK
change switch state (True, True)
update switch state N True args=() kw={} ncanvase=2
08:16:07 -- OPEN   VALVE-N (Bone to Getter GP-50)
-------------------------- open None (Bone to Getter GP-50) result=[(True, True)]
action=open, ok=True, locked=[False]
close () {'description': 'Bone to CO2 Laser'}
close name=--- desc=Bone to CO2 Laser
checking ownership. requestor=129.138.12.137
check software interlocks D
interlocks []
actuate state mode=None-script, software_lock=False
doing actuation None-script close_channel True
Close D ===>> OK
GetIndicatorState D ===>> False
change switch state (True, True)
update switch state D False args=() kw={} ncanvase=2
08:16:08 -- CLOSE  VALVE-D (Bone to CO2 Laser)
-------------------------- close None (Bone to CO2 Laser) result=[(True, True)]
action=close, ok=True, locked=[False]
open () {'description': 'Bone to Diode Laser'}
open name=--- desc=Bone to Diode Laser
checking ownership. requestor=129.138.12.137
check software interlocks B
interlocks []
actuate state mode=None-script, software_lock=False
doing actuation None-script open_channel False
Open B ===>> OK
GetIndicatorState B ===>> OK
change switch state (True, True)
update switch state B True args=() kw={} ncanvase=2
08:16:08 -- OPEN   VALVE-B (Bone to Diode Laser)
-------------------------- open None (Bone to Diode Laser) result=[(True, True)]
action=open, ok=True, locked=[False]
executed snippet estimated_duration=0, duration=2.54281401634
PrepareForDiodeAnalysis.py completed successfully
gosub finished
doing GOSUB
testing...
no interpolation path defined
executed snippet estimated_duration=0, duration=4.60147857666e-05
Isolate coldfinger
close () {'name': 'B', 'description': 'Bone to Diode Laser'}
close name=B desc=Bone to Diode Laser
checking ownership. requestor=129.138.12.137
check software interlocks B
interlocks []
actuate state mode=None-script, software_lock=False
doing actuation None-script close_channel True
Close B ===>> OK
GetIndicatorState B ===>> False
change switch state (True, True)
update switch state B False args=() kw={} ncanvase=2
08:16:09 -- CLOSE  VALVE-B (Bone to Diode Laser)
-------------------------- close B (Bone to Diode Laser) result=[(True, True)]
action=close, ok=True, locked=[False]
executed snippet estimated_duration=0, duration=0.424119949341
IsolateDiodeColdfinger.py completed successfully
gosub finished
open () {'description': 'Bone to Turbo'}
open name=--- desc=Bone to Turbo
checking ownership. requestor=129.138.12.137
check software interlocks C
interlocks []
actuate state mode=None-script, software_lock=False
doing actuation None-script open_channel False
Open C ===>> OK
GetIndicatorState C ===>> OK
change switch state (True, True)
update switch state C True args=() kw={} ncanvase=2
08:16:09 -- OPEN   VALVE-C (Bone to Turbo)
-------------------------- open None (Bone to Turbo) result=[(True, True)]
action=open, ok=True, locked=[False]
Diodelaser enabled. Heating sample.
enable () {}
set extraction state FusionsDiode Enabled (False, 'red', 1.5)
enabling laser
Enable ===>> OK
move_to_position ('20',) {}
FusionsDiode move to position 20
sending GoToHole 20,True
GoToHole 20,True ===>> OK
GetDriveMoving ===>> False
GetDriveMoving ===>> False
Block completed
GetAutoCorrecting ===>> False
GetAutoCorrecting ===>> False
Block completed
update position
GetPosition ===>> -7.44220,3.72110,9.00000
got position (-7.4422, 3.7211, 9.0)
move to position succeeded
BEGIN INTERVAL Interval 1 waiting for 40.0
block started
set extract to 3.5 (watts)
WaitControl setup for 40.0  
extract () {}
GetPosition ===>> -7.44220,3.72110,9.00000
set extraction state FusionsDiode ON! 3.5(watts) (0.75, 'red', 1.5)
extract sample to 3.5 (watts)
set laser output
SetLaserOutput 3.5,watts ===>> OK
sleep (2,) {}
SLEEP 2.0
block started
WaitControl setup for 2.0  
Join finished
block finished. duration 2.01817798615
COMPLETE INTERVAL waiting for Interval 1 to complete
Join finished
block finished. duration 40.1472508907
Interval 1 finished
Diode laser disabled.
disable () {}
%%%%%%%%%%%%%%%%%%%%%%%%%%%%%%%%%%% disable
set extraction state False (0.75, 'red', 1.5)
disabling laser
Disable ===>> OK
doing GOSUB
testing...
no interpolation path defined
executed snippet estimated_duration=42.0, duration=0.000150918960571
Equilibrate then isolate coldfinger
close () {'name': 'C', 'description': 'Bone to Turbo'}
close name=C desc=Bone to Turbo
checking ownership. requestor=129.138.12.137
check software interlocks C
interlocks []
actuate state mode=None-script, software_lock=False
doing actuation None-script close_channel True
Close C ===>> OK
set states for children of C. state=False
handle state [('C', False)]
update switch state C False args=() kw={'refresh': False} ncanvase=2
GetIndicatorState C ===>> False
change switch state (True, True)
update switch state C False args=() kw={} ncanvase=2
refresh_canvas_needed fired
08:16:53 -- CLOSE  VALVE-C (Bone to Turbo)
-------------------------- close C (Bone to Turbo) result=[(True, True)]
action=close, ok=True, locked=[False]
sleep (1,) {}
SLEEP 1.0
open () {'name': 'B', 'description': 'Bone to Diode Laser'}
open name=B desc=Bone to Diode Laser
checking ownership. requestor=129.138.12.137
check software interlocks B
interlocks []
actuate state mode=None-script, software_lock=False
doing actuation None-script open_channel True
Open B ===>> OK
GetIndicatorState B ===>> OK
change switch state (True, True)
update switch state B True args=() kw={} ncanvase=2
08:16:54 -- OPEN   VALVE-B (Bone to Diode Laser)
-------------------------- open B (Bone to Diode Laser) result=[(True, True)]
action=open, ok=True, locked=[False]
sleep (20,) {}
SLEEP 20.0
block started
WaitControl setup for 20.0  
Join finished
block finished. duration 20.0698759556
close () {'name': 'B', 'description': 'Bone to Diode Laser'}
close name=B desc=Bone to Diode Laser
checking ownership. requestor=129.138.12.137
check software interlocks B
interlocks []
actuate state mode=None-script, software_lock=False
doing actuation None-script close_channel True
Close B ===>> OK
GetIndicatorState B ===>> False
change switch state (True, True)
update switch state B False args=() kw={} ncanvase=2
08:17:14 -- CLOSE  VALVE-B (Bone to Diode Laser)
-------------------------- close B (Bone to Diode Laser) result=[(True, True)]
action=close, ok=True, locked=[False]
executed snippet estimated_duration=63.0, duration=22.3135800362
EquilibrateThenIsolateDiodeColdfinger.py completed successfully
gosub finished
sleep (60.0,) {}
SLEEP 60.0
block started
WaitControl setup for 60.0  
Join finished
block finished. duration 60.2880592346
executed snippet estimated_duration=344.0, duration=128.989789009
felix_diode.py completed successfully
GetAchievedOutput ===>> No Response
Requested Output= 0.000
Achieved Output=  0.000
GetResponseBlob ===>> o[22][178]N[00][00][00][00][192][206][180]=[00][00][250]D[14][190][05]@[00][00][250]DJ[221][130]@...
GetOutputBlob ===>> o[22][178]N[00][00][00][00][192][206][180]=[208]L[161]A[14][190][05]@[00][00][00][00]J[221][130]@...
persistence save...
persistence save - db
AutomatedRunPersister post_extraction_save deprecated
persistence save - dvc
no extraction position for 20
create new session 4709757200
close session 4709757200
Extraction Finished
08:18:15 -- ******* Extraction Finished *******
no overlap. not waiting for min ms pumptime
08:18:15 -- Sending spectrometer configuration
======== Sending configuration ========
SetZFocus 9.84 ===>> OK
SetHV 9000.0 ===>> OK
SetZSymmetry 18.34 ===>> OK
SetExtractionLens 42.35 ===>> OK
SetIonRepeller -4.08 ===>> OK
SetElectronEnergy 107.0 ===>> OK
SetYSymmetry 12.72 ===>> OK
send trap current 400.0
GetParameter Trap Current Readback ===>> 398.41988646768
SetParameter Trap Current Set,400.0 ===>> OK
updating mftable name argon
Using mftable located at /Users/obama/PychronDev/setupfiles/spectrometer/mftables/argon.csv
============ MFtable ===========
Isotope  H2     H1     AX     L1     L2     L2(CDD)
Ar40     3.4924 3.5636 3.6378 3.7148 3.8106 3.7973
Ar39     3.4234 3.4937 3.5665 3.6448 3.7358 3.7221
Ar36     3.2133 3.2795 3.3479 3.4196 3.5164 3.4937
================================
get initial guess parabolic
get initial guess parabolic
get initial guess parabolic
get initial guess parabolic
get initial guess parabolic
get initial guess parabolic
======== Configuration Finished ========
GetYSymmetry ===>> 12.72
GetZSymmetry ===>> 18.34
GetParameter Trap Current Readback ===>> 397.301043764878
GetHighVoltage ===>> 9000
start measurement
do measurement
L#=65496 analysis type=unknown
Measurement Started felix_analysis400_120.py
08:18:15 -- ******* Measurement Started felix_analysis400_120.py *******
state changed from extraction to measurement
setting spec, defl, and gains
GetExtractionLens ===>> 42.35
GetYSymmetry ===>> 12.72
GetZSymmetry ===>> 18.34
GetZFocus ===>> 9.84
GetDeflection H2 (CDD) ===>> 3250
GetDeflection H1 (CDD) ===>> 3250
GetDeflection AX (CDD) ===>> 3250
GetDeflection L1 (CDD) ===>> 3250
GetDeflection L2 (CDD) ===>> 0
GetGain H2 ===>> 0.9809305
GetGain H1 ===>> 0.96484
GetGain AX ===>> 0.96253
GetGain L1 ===>> 0.970094835296087
GetGain L2 ===>> 0.967359864778375
GetGain H2(CDD) ===>> 0
GetGain H1(CDD) ===>> 0
GetGain AX(CDD) ===>> 0
GetGain L1(CDD) ===>> 0
GetGain L2(CDD) ===>> 0
pre measurement save
New frame /Users/obama/PychronDev/data/isotopes/7d/d77a8d-5641-48a0-bbd2-d56e991b05eb.h5
flush and close file /Users/obama/PychronDev/data/isotopes/7d/d77a8d-5641-48a0-bbd2-d56e991b05eb.h5
testing...
no interpolation path defined
executed snippet estimated_duration=650.242112, duration=0.000264167785645
unknown measurement script
activate_detectors ('H2', 'H1', 'AX', 'L1', 'L2(CDD)') {}
activate detectors
*************** Set Analysis View Ar/Ar
create graphs
clearing graphs
clear isotope group
setting isotope det=H2, iso=Ar40
setting isotope det=H1, iso=Ar39
setting isotope det=AX, iso=Ar38
setting isotope det=L1, iso=Ar37
setting isotope det=L2(CDD), iso=Ar36
setting previous blanks
 - setting Ar40 blank 0.429+/-0.018
 - setting Ar36 blank 0.00139+/-0.00014
 - setting Ar37 blank 0.001+/-0.012
 - setting Ar38 blank 0.011+/-0.013
 - setting Ar39 blank -0.025+/-0.023
load analysis view
position_magnet ('Ar40',) {'detector': 'H2'}
detector Detector(H2)
POSITION Ar40 H2
setting detector H2 to Ar40 (39.9624)
setting detector H1 to Ar39 (38.8624)
setting detector AX to Ar38 (37.9624)
setting detector L1 to Ar37 (36.9624)
setting detector L2 to Ar36 (35.8624)
setting detector H2(CDD) to Ar40 (39.8624)
setting detector H1(CDD) to Ar39 (38.8624)
setting detector AX(CDD) to Ar38 (37.8624)
setting detector L1(CDD) to Ar37 (36.8624)
setting detector L2(CDD) to Ar36 (35.9624)
Mapping mass to dac mass func: "parabolic"
H2 map mass coeffs = [ -2.38925034e-04   8.80081338e-02   3.56935459e-01]
H2 map mass to dac 39.9624 >> 3.49239
GetHighVoltage ===>> 9000
positioning Ar40 (3.49239) on H2
setting magnet DAC
current  : 3.492390
requested: 3.492390
Delta Dac: 0.000000
Checking detector protection. dv=0.00000
SetMagnetDAC 3.49239 ===>> OK
equilibrate () {'delay': 3, 'inlet': 'H', 'outlet': 'V', 'eqtime': 25.0}
Equilibration Started
08:18:16 -- ******* Equilibration Started *******
checking ownership. requestor=129.138.12.137
check software interlocks V
interlocks []
actuate state mode=None-script, software_lock=False
doing actuation None-script close_channel True
Close V ===>> OK
update labels <pychron.experiment.plot_panel.PlotPanel object at 0x15086e770>
update labels "<pychron.graph.stacked_regression_graph.StackedRegressionGraph object at 0x15f1996b0>"
setting label 0 H2 Ar40
setting label 1 H1 Ar39
setting label 2 AX Ar38
setting label 3 L1 Ar37
setting label 4 L2(CDD) Ar36
update labels "<pychron.graph.stacked_graph.StackedGraph object at 0x147ee65f0>"
setting label 0 H2 Ar40
setting label 1 H1 Ar39
setting label 2 AX Ar38
setting label 3 L1 Ar37
setting label 4 L2(CDD) Ar36
GetIndicatorState V ===>> False
change switch state (True, True)
update switch state V False args=() kw={} ncanvase=2
08:18:16 -- CLOSE  VALVE-V (Felix Ion Pump)
waiting 3s before opening inlet value ('H',)
checking ownership. requestor=129.138.12.137
check software interlocks H
interlocks []
actuate state mode=None-script, software_lock=False
doing actuation None-script open_channel True
Open H ===>> OK
GetIndicatorState H ===>> OK
change switch state (True, True)
update switch state H True args=() kw={} ncanvase=2
08:18:19 -- OPEN   VALVE-H (Felix Inlet)
equilibrating for 25.0sec
set_time_zero () {}
sniff (25.0,) {}
py_sniff
build tables- sniff [Detector(H2), Detector(H1), Detector(AX), Detector(L1), Detector(L2(CDD))]
add group /sniff/Ar40 (Group) u'' table H2
add group /sniff/Ar39 (Group) u'' table H1
add group /sniff/Ar38 (Group) u'' table AX
add group /sniff/Ar37 (Group) u'' table L1
add group /sniff/Ar36 (Group) u'' table L2(CDD)
flush and close file /Users/obama/PychronDev/data/isotopes/7d/d77a8d-5641-48a0-bbd2-d56e991b05eb.h5
measuring sniff. ncounts=25.0
"sniff" increment series count="1" fit count="0" regressing="False"
starting measurement
Equilibration Finished
08:18:44 -- ******* Equilibration Finished *******
checking ownership. requestor=129.138.12.137
check software interlocks H
interlocks []
actuate state mode=None-script, software_lock=False
doing actuation None-script close_channel True
Close H ===>> OK
GetIndicatorState H ===>> False
change switch state (True, True)
update switch state H False args=() kw={} ncanvase=2
08:18:45 -- CLOSE  VALVE-H (Felix Inlet)
Post Equilibration Started felix_pump_extraction_line.py
08:18:45 -- ******* Post Equilibration Started felix_pump_extraction_line.py *******
testing...
no interpolation path defined
calculate duration
testing...
no interpolation path defined
executed snippet estimated_duration=4.0, duration=0.000216960906982
executed snippet estimated_duration=4.0, duration=0.00141096115112
Pump after analysis
doing GOSUB
testing...
no interpolation path defined
executed snippet estimated_duration=4.0, duration=0.000241994857788
Pump Bone
close () {'description': 'Felix Inlet'}
close name=--- desc=Felix Inlet
checking ownership. requestor=129.138.12.137
check software interlocks H
interlocks []
actuate state mode=None-script, software_lock=False
doing actuation None-script close_channel False
Close H ===>> OK
GetIndicatorState H ===>> False
change switch state (True, True)
update switch state H False args=() kw={} ncanvase=2
08:18:45 -- CLOSE  VALVE-H (Felix Inlet)
-------------------------- close None (Felix Inlet) result=[(True, True)]
action=close, ok=True, locked=[False]
is_closed ('A',) {}
is A () closed?
is closed False
close () {'description': 'CO2 Laser to Bone'}
close name=--- desc=CO2 Laser to Bone
checking ownership. requestor=129.138.12.137
check software interlocks F
interlocks []
actuate state mode=None-script, software_lock=True
VALVE-F(CO2 Laser to Bone) software locked
change switch state (True, False)
-------------------------- close None (CO2 Laser to Bone) result=[(True, False)]
action=close, ok=True, locked=[True]
sleep (1,) {}
SLEEP 1.0
08:18:45 -- collecting point 25
close () {'description': 'CO2 Laser to Roughing'}
close name=--- desc=CO2 Laser to Roughing
checking ownership. requestor=129.138.12.137
check software interlocks G
interlocks []
actuate state mode=None-script, software_lock=True
VALVE-G(CO2 Laser to Roughing) software locked
change switch state (True, False)
-------------------------- close None (CO2 Laser to Roughing) result=[(True, False)]
action=close, ok=True, locked=[True]
open () {'description': 'Bone to Turbo'}
open name=--- desc=Bone to Turbo
checking ownership. requestor=129.138.12.137
check software interlocks C
interlocks []
actuate state mode=None-script, software_lock=False
doing actuation None-script open_channel True
Open C ===>> OK
GetIndicatorState C ===>> OK
change switch state (True, True)
update switch state C True args=() kw={} ncanvase=2
08:18:46 -- OPEN   VALVE-C (Bone to Turbo)
-------------------------- open None (Bone to Turbo) result=[(True, True)]
waiting for write to finish
measurement finished
estimated time: 26.214 actual time: :26.416
flush and close file /Users/obama/PychronDev/data/isotopes/7d/d77a8d-5641-48a0-bbd2-d56e991b05eb.h5
set_fits () {}
using default fits file=/Users/obama/PychronDev/scripts/measurement/fits/nominal.yaml
set "Ar40" to "('Parabolic', 'SEM')"
set "Ar36" to "('Parabolic', 'SEM')"
set "Ar37" to "('linear', 'SEM')"
set "Ar38" to "('linear', 'SEM')"
set "Ar39" to "('Parabolic', 'SEM')"
set_baseline_fits () {}
using default fits file=/Users/obama/PychronDev/scripts/measurement/fits/nominal.yaml
set "H2" to "('average', 'SEM')"
set "L2(CDD)" to "('average', 'SEM')"
set "L1" to "('average', 'SEM')"
set "AX" to "('average', 'SEM')"
set "H1" to "('average', 'SEM')"
multicollect () {'integration_time': 1.048576, 'ncounts': 400}
build tables- signal [Detector(H2), Detector(H1), Detector(AX), Detector(L1), Detector(L2(CDD))]
add group /signal/Ar40 (Group) u'' table H2
add group /signal/Ar39 (Group) u'' table H1
add group /signal/Ar38 (Group) u'' table AX
add group /signal/Ar37 (Group) u'' table L1
add group /signal/Ar36 (Group) u'' table L2(CDD)
flush and close file /Users/obama/PychronDev/data/isotopes/7d/d77a8d-5641-48a0-bbd2-d56e991b05eb.h5
measuring signal. ncounts=400
action=open, ok=True, locked=[False]
open () {'description': 'Bone to Getter GP-50'}
open name=--- desc=Bone to Getter GP-50
checking ownership. requestor=129.138.12.137
check software interlocks N
interlocks []
actuate state mode=None-script, software_lock=False
doing actuation None-script open_channel False
"signal" increment series count="2" fit count="1" regressing="True"
Open N ===>> OK
GetIndicatorState N ===>> OK
change switch state (True, True)
update switch state N True args=() kw={} ncanvase=2
08:18:47 -- OPEN   VALVE-N (Bone to Getter GP-50)
-------------------------- open None (Bone to Getter GP-50) result=[(True, True)]
action=open, ok=True, locked=[False]
open () {'description': 'Bone to Diode Laser'}
open name=--- desc=Bone to Diode Laser
checking ownership. requestor=129.138.12.137
check software interlocks B
interlocks []
actuate state mode=None-script, software_lock=False
doing actuation None-script open_channel True
Open B ===>> OK
starting measurement
GetIndicatorState B ===>> OK
change switch state (True, True)
update switch state B True args=() kw={} ncanvase=2
08:18:47 -- OPEN   VALVE-B (Bone to Diode Laser)
-------------------------- open None (Bone to Diode Laser) result=[(True, True)]
action=open, ok=True, locked=[False]
open () {'description': 'Bone to CO2 Laser'}
open name=--- desc=Bone to CO2 Laser
checking ownership. requestor=129.138.12.137
check software interlocks D
interlocks []
actuate state mode=None-script, software_lock=False
doing actuation None-script open_channel True
Open D ===>> OK
GetIndicatorState D ===>> OK
change switch state (True, True)
update switch state D True args=() kw={} ncanvase=2
08:18:48 -- OPEN   VALVE-D (Bone to CO2 Laser)
-------------------------- open None (Bone to CO2 Laser) result=[(True, True)]
action=open, ok=True, locked=[False]
sleep (1,) {}
SLEEP 1.0
set_resource () {'name': 'CO2PumpTimeFlag', 'value': 30}
Set CO2PumpTimeFlag 30 ===>> OK
release ('FelixCO2Flag',) {}
release FelixCO2Flag
Set FelixCO2Flag 0 ===>> OK
executed snippet estimated_duration=6.0, duration=4.16384291649
PumpBone.py completed successfully
gosub finished
get_resource_value () {'name': 'FelixMiniboneFlag'}
Read FelixMiniboneFlag ===>> 0
Get Resource Value FelixMiniboneFlag=0.0
executed snippet estimated_duration=4.0, duration=4.17192196846
felix_pump_extraction_line.py completed successfully
Post Equilibration Finished
08:18:49 -- ******* Post Equilibration Finished *******
GetDeflection L2 (CDD) ===>> 0
testing L2_CDD_==3250
evaluate ot="L2(CDD).deflection==3250" t="L2_CDD_==3250", ctx="{'L2_CDD_': 0.0}"
GetDeflection L2 (CDD) ===>> 0
testing L2_CDD_==3250
evaluate ot="L2(CDD).deflection==3250" t="L2_CDD_==3250", ctx="{'L2_CDD_': 0.0}"
08:19:12 -- collecting point 25
GetDeflection L2 (CDD) ===>> 0
testing L2_CDD_==3250
evaluate ot="L2(CDD).deflection==3250" t="L2_CDD_==3250", ctx="{'L2_CDD_': 0.0}"
GetDeflection L2 (CDD) ===>> 0
testing L2_CDD_==3250
evaluate ot="L2(CDD).deflection==3250" t="L2_CDD_==3250", ctx="{'L2_CDD_': 0.0}"
08:19:39 -- collecting point 50
GetDeflection L2 (CDD) ===>> 0
testing L2_CDD_==3250
evaluate ot="L2(CDD).deflection==3250" t="L2_CDD_==3250", ctx="{'L2_CDD_': 0.0}"
GetDeflection L2 (CDD) ===>> 0
testing L2_CDD_==3250
evaluate ot="L2(CDD).deflection==3250" t="L2_CDD_==3250", ctx="{'L2_CDD_': 0.0}"
GetDeflection L2 (CDD) ===>> 0
testing L2_CDD_==3250
evaluate ot="L2(CDD).deflection==3250" t="L2_CDD_==3250", ctx="{'L2_CDD_': 0.0}"
08:20:05 -- collecting point 75
GetDeflection L2 (CDD) ===>> 0
testing L2_CDD_==3250
evaluate ot="L2(CDD).deflection==3250" t="L2_CDD_==3250", ctx="{'L2_CDD_': 0.0}"
GetDeflection L2 (CDD) ===>> 0
testing L2_CDD_==3250
evaluate ot="L2(CDD).deflection==3250" t="L2_CDD_==3250", ctx="{'L2_CDD_': 0.0}"
08:20:31 -- collecting point 100
GetDeflection L2 (CDD) ===>> 0
testing L2_CDD_==3250
evaluate ot="L2(CDD).deflection==3250" t="L2_CDD_==3250", ctx="{'L2_CDD_': 0.0}"
GetDeflection L2 (CDD) ===>> 0
testing L2_CDD_==3250
evaluate ot="L2(CDD).deflection==3250" t="L2_CDD_==3250", ctx="{'L2_CDD_': 0.0}"
GetDeflection L2 (CDD) ===>> 0
testing L2_CDD_==3250
evaluate ot="L2(CDD).deflection==3250" t="L2_CDD_==3250", ctx="{'L2_CDD_': 0.0}"
08:20:57 -- collecting point 125
GetDeflection L2 (CDD) ===>> 0
testing L2_CDD_==3250
evaluate ot="L2(CDD).deflection==3250" t="L2_CDD_==3250", ctx="{'L2_CDD_': 0.0}"
GetDeflection L2 (CDD) ===>> 0
testing L2_CDD_==3250
evaluate ot="L2(CDD).deflection==3250" t="L2_CDD_==3250", ctx="{'L2_CDD_': 0.0}"
08:21:24 -- collecting point 150
GetDeflection L2 (CDD) ===>> 0
testing L2_CDD_==3250
evaluate ot="L2(CDD).deflection==3250" t="L2_CDD_==3250", ctx="{'L2_CDD_': 0.0}"
GetDeflection L2 (CDD) ===>> 0
testing L2_CDD_==3250
evaluate ot="L2(CDD).deflection==3250" t="L2_CDD_==3250", ctx="{'L2_CDD_': 0.0}"
GetDeflection L2 (CDD) ===>> 0
testing L2_CDD_==3250
evaluate ot="L2(CDD).deflection==3250" t="L2_CDD_==3250", ctx="{'L2_CDD_': 0.0}"
08:21:50 -- collecting point 175
GetDeflection L2 (CDD) ===>> 0
testing L2_CDD_==3250
evaluate ot="L2(CDD).deflection==3250" t="L2_CDD_==3250", ctx="{'L2_CDD_': 0.0}"
GetDeflection L2 (CDD) ===>> 0
testing L2_CDD_==3250
evaluate ot="L2(CDD).deflection==3250" t="L2_CDD_==3250", ctx="{'L2_CDD_': 0.0}"
08:22:16 -- collecting point 200
GetDeflection L2 (CDD) ===>> 0
testing L2_CDD_==3250
evaluate ot="L2(CDD).deflection==3250" t="L2_CDD_==3250", ctx="{'L2_CDD_': 0.0}"
GetDeflection L2 (CDD) ===>> 0
testing L2_CDD_==3250
evaluate ot="L2(CDD).deflection==3250" t="L2_CDD_==3250", ctx="{'L2_CDD_': 0.0}"
GetDeflection L2 (CDD) ===>> 0
testing L2_CDD_==3250
evaluate ot="L2(CDD).deflection==3250" t="L2_CDD_==3250", ctx="{'L2_CDD_': 0.0}"
08:22:43 -- collecting point 225
GetDeflection L2 (CDD) ===>> 0
testing L2_CDD_==3250
evaluate ot="L2(CDD).deflection==3250" t="L2_CDD_==3250", ctx="{'L2_CDD_': 0.0}"
GetDeflection L2 (CDD) ===>> 0
testing L2_CDD_==3250
evaluate ot="L2(CDD).deflection==3250" t="L2_CDD_==3250", ctx="{'L2_CDD_': 0.0}"
08:23:09 -- collecting point 250
GetDeflection L2 (CDD) ===>> 0
testing L2_CDD_==3250
evaluate ot="L2(CDD).deflection==3250" t="L2_CDD_==3250", ctx="{'L2_CDD_': 0.0}"
GetDeflection L2 (CDD) ===>> 0
testing L2_CDD_==3250
evaluate ot="L2(CDD).deflection==3250" t="L2_CDD_==3250", ctx="{'L2_CDD_': 0.0}"
GetDeflection L2 (CDD) ===>> 0
testing L2_CDD_==3250
evaluate ot="L2(CDD).deflection==3250" t="L2_CDD_==3250", ctx="{'L2_CDD_': 0.0}"
08:23:35 -- collecting point 275
GetDeflection L2 (CDD) ===>> 0
testing L2_CDD_==3250
evaluate ot="L2(CDD).deflection==3250" t="L2_CDD_==3250", ctx="{'L2_CDD_': 0.0}"
GetDeflection L2 (CDD) ===>> 0
testing L2_CDD_==3250
evaluate ot="L2(CDD).deflection==3250" t="L2_CDD_==3250", ctx="{'L2_CDD_': 0.0}"
08:24:01 -- collecting point 300
GetDeflection L2 (CDD) ===>> 0
testing L2_CDD_==3250
evaluate ot="L2(CDD).deflection==3250" t="L2_CDD_==3250", ctx="{'L2_CDD_': 0.0}"
GetDeflection L2 (CDD) ===>> 0
testing L2_CDD_==3250
evaluate ot="L2(CDD).deflection==3250" t="L2_CDD_==3250", ctx="{'L2_CDD_': 0.0}"
GetDeflection L2 (CDD) ===>> 0
testing L2_CDD_==3250
evaluate ot="L2(CDD).deflection==3250" t="L2_CDD_==3250", ctx="{'L2_CDD_': 0.0}"
08:24:28 -- collecting point 325
GetDeflection L2 (CDD) ===>> 0
testing L2_CDD_==3250
evaluate ot="L2(CDD).deflection==3250" t="L2_CDD_==3250", ctx="{'L2_CDD_': 0.0}"
GetDeflection L2 (CDD) ===>> 0
testing L2_CDD_==3250
evaluate ot="L2(CDD).deflection==3250" t="L2_CDD_==3250", ctx="{'L2_CDD_': 0.0}"
08:24:54 -- collecting point 350
GetDeflection L2 (CDD) ===>> 0
testing L2_CDD_==3250
evaluate ot="L2(CDD).deflection==3250" t="L2_CDD_==3250", ctx="{'L2_CDD_': 0.0}"
GetDeflection L2 (CDD) ===>> 0
testing L2_CDD_==3250
evaluate ot="L2(CDD).deflection==3250" t="L2_CDD_==3250", ctx="{'L2_CDD_': 0.0}"
GetDeflection L2 (CDD) ===>> 0
testing L2_CDD_==3250
evaluate ot="L2(CDD).deflection==3250" t="L2_CDD_==3250", ctx="{'L2_CDD_': 0.0}"
08:25:20 -- collecting point 375
GetDeflection L2 (CDD) ===>> 0
testing L2_CDD_==3250
evaluate ot="L2(CDD).deflection==3250" t="L2_CDD_==3250", ctx="{'L2_CDD_': 0.0}"
GetDeflection L2 (CDD) ===>> 0
testing L2_CDD_==3250
evaluate ot="L2(CDD).deflection==3250" t="L2_CDD_==3250", ctx="{'L2_CDD_': 0.0}"
08:25:47 -- collecting point 400
waiting for write to finish
measurement finished
estimated time: 419.430 actual time: :420.912
flush and close file /Users/obama/PychronDev/data/isotopes/7d/d77a8d-5641-48a0-bbd2-d56e991b05eb.h5
baselines () {'settling_time': 15.0, 'detector': 'H2', 'mass': 39.862, 'ncounts': 120}
%%%%%%%%%%%%%%%%%%%%%%%%%%%%%%%% Baseline
build tables- baseline [Detector(H2), Detector(H1), Detector(AX), Detector(L1), Detector(L2(CDD))]
add group baseline table H2
add group baseline table H1
add group baseline table AX
add group baseline table L1
add group baseline table L2(CDD)
flush and close file /Users/obama/PychronDev/data/isotopes/7d/d77a8d-5641-48a0-bbd2-d56e991b05eb.h5
detector Detector(H2)
POSITION 39.862 H2
Mapping mass to dac mass func: "parabolic"
H2 map mass coeffs = [ -2.38925034e-04   8.80081338e-02   3.56935459e-01]
H2 map mass to dac 39.862 >> 3.48546881693
GetHighVoltage ===>> 9000
positioning 39.862 (3.48546881693) on H2
setting magnet DAC
current  : 3.492390
requested: 3.485469
Delta Dac: 0.006921
Checking detector protection. dv=0.00692
SetMagnetDAC 3.48546881693 ===>> OK
Magnet settling time: 0.500
Delaying 15.0s for detectors to settle
Join finished
measuring baseline. ncounts=120
"baseline" increment series count="2" fit count="1" regressing="True"
starting measurement
GetDeflection L2 (CDD) ===>> 0
testing L2_CDD_==3250
evaluate ot="L2(CDD).deflection==3250" t="L2_CDD_==3250", ctx="{'L2_CDD_': 0.0}"
GetDeflection L2 (CDD) ===>> 0
testing L2_CDD_==3250
evaluate ot="L2(CDD).deflection==3250" t="L2_CDD_==3250", ctx="{'L2_CDD_': 0.0}"
08:26:29 -- collecting point 25
GetDeflection L2 (CDD) ===>> 0
testing L2_CDD_==3250
evaluate ot="L2(CDD).deflection==3250" t="L2_CDD_==3250", ctx="{'L2_CDD_': 0.0}"
GetDeflection L2 (CDD) ===>> 0
testing L2_CDD_==3250
evaluate ot="L2(CDD).deflection==3250" t="L2_CDD_==3250", ctx="{'L2_CDD_': 0.0}"
08:26:56 -- collecting point 50
GetDeflection L2 (CDD) ===>> 0
testing L2_CDD_==3250
evaluate ot="L2(CDD).deflection==3250" t="L2_CDD_==3250", ctx="{'L2_CDD_': 0.0}"
GetDeflection L2 (CDD) ===>> 0
testing L2_CDD_==3250
evaluate ot="L2(CDD).deflection==3250" t="L2_CDD_==3250", ctx="{'L2_CDD_': 0.0}"
GetDeflection L2 (CDD) ===>> 0
testing L2_CDD_==3250
evaluate ot="L2(CDD).deflection==3250" t="L2_CDD_==3250", ctx="{'L2_CDD_': 0.0}"
08:27:22 -- collecting point 75
GetDeflection L2 (CDD) ===>> 0
testing L2_CDD_==3250
evaluate ot="L2(CDD).deflection==3250" t="L2_CDD_==3250", ctx="{'L2_CDD_': 0.0}"
GetDeflection L2 (CDD) ===>> 0
testing L2_CDD_==3250
evaluate ot="L2(CDD).deflection==3250" t="L2_CDD_==3250", ctx="{'L2_CDD_': 0.0}"
08:27:48 -- collecting point 100
GetDeflection L2 (CDD) ===>> 0
testing L2_CDD_==3250
evaluate ot="L2(CDD).deflection==3250" t="L2_CDD_==3250", ctx="{'L2_CDD_': 0.0}"
GetDeflection L2 (CDD) ===>> 0
testing L2_CDD_==3250
evaluate ot="L2(CDD).deflection==3250" t="L2_CDD_==3250", ctx="{'L2_CDD_': 0.0}"
waiting for write to finish
measurement finished
estimated time: 125.829 actual time: :126.336
flush and close file /Users/obama/PychronDev/data/isotopes/7d/d77a8d-5641-48a0-bbd2-d56e991b05eb.h5
activate_detectors ('H1', 'L2(CDD)') {'peak_center': True}
peak_center () {'detector': 'H2', 'integration_time': 1.048576, 'isotope': 'Ar40'}
peak center: mean=195.519947063 threshold=100.0
peak center started
setup peak center. detector=['H2', 'H1', 'L2(CDD)'], isotope=Ar40
VersionedUnpickler [<apptools.sweet_pickle.versioned_unpickler.VersionedUnpickler object at 0x1617fad70>] using Updater [<apptools.sweet_pickle.updater.Updater object at 0x12412c1d0>]
VersionedUnpickler [<apptools.sweet_pickle.versioned_unpickler.VersionedUnpickler object at 0x1617fad70>] using Updater [<apptools.sweet_pickle.updater.Updater object at 0x12412c1d0>]
VersionedUnpickler [<apptools.sweet_pickle.versioned_unpickler.VersionedUnpickler object at 0x16abca5f0>] using Updater [<apptools.sweet_pickle.updater.Updater object at 0x12412c1d0>]
setting integration time = 0.524288
SetIntegrationTime 0.524288 ===>> OK
Mapping mass to dac mass func: "parabolic"
H2 map mass coeffs = [ -2.38925034e-04   8.80081338e-02   3.56935459e-01]
H2 map mass to dac 39.9624 >> 3.49239
GetHighVoltage ===>> 9000
do peak center. <pychron.spectrometer.jobs.peak_center.PeakCenter object at 0x121cad4d0>
doing pc
starting peak center. center dac= 3.49239 step_width=0.0001
width = 0.0001
get scan parameters. half-width=0.002,window=0.002, i=0, scalar=1
Scan parameters center=3.49239 width=0.00400 (3.49039 - 3.49439)
Moving to starting dac 3.49039
setting magnet DAC
current  : 3.485469
requested: 3.490390
Delta Dac: 0.004921
Checking detector protection. dv=0.00492
SetMagnetDAC 3.49039 ===>> OK
Magnet settling time: 0.500
Wait until signal near baseline. tol= 0.07792937861. timeout= 10
Peak center baseline intensity achieved
_do_sweep sm= 3.49039, em= 3.49439, stm= 0.0001
calculated step values: start=3.49039, end=3.49439, width=0.0001, nsteps=41.0
setting magnet DAC
current  : 3.490390
requested: 3.490390
Delta Dac: 0.000000
Checking detector protection. dv=0.00000
setting magnet DAC
current  : 3.490390
requested: 3.490493
Delta Dac: 0.000103
Checking detector protection. dv=0.00010
Magnet settling time: 1.049
setting magnet DAC
current  : 3.490493
requested: 3.490595
Delta Dac: 0.000103
Checking detector protection. dv=0.00010
Magnet settling time: 1.049
setting magnet DAC
current  : 3.490595
requested: 3.490698
Delta Dac: 0.000103
Checking detector protection. dv=0.00010
Magnet settling time: 1.049
setting magnet DAC
current  : 3.490698
requested: 3.490800
Delta Dac: 0.000103
Checking detector protection. dv=0.00010
Magnet settling time: 1.049
setting magnet DAC
current  : 3.490800
requested: 3.490903
Delta Dac: 0.000103
Checking detector protection. dv=0.00010
Magnet settling time: 1.049
setting magnet DAC
current  : 3.490903
requested: 3.491005
Delta Dac: 0.000103
Checking detector protection. dv=0.00010
Magnet settling time: 1.049
setting magnet DAC
current  : 3.491005
requested: 3.491108
Delta Dac: 0.000103
Checking detector protection. dv=0.00010
Magnet settling time: 1.049
setting magnet DAC
current  : 3.491108
requested: 3.491211
Delta Dac: 0.000103
Checking detector protection. dv=0.00010
Magnet settling time: 1.049
setting magnet DAC
current  : 3.491211
requested: 3.491313
Delta Dac: 0.000103
Checking detector protection. dv=0.00010
Magnet settling time: 1.049
setting magnet DAC
current  : 3.491313
requested: 3.491416
Delta Dac: 0.000103
Checking detector protection. dv=0.00010
Magnet settling time: 1.049
setting magnet DAC
current  : 3.491416
requested: 3.491518
Delta Dac: 0.000103
Checking detector protection. dv=0.00010
Magnet settling time: 1.049
setting magnet DAC
current  : 3.491518
requested: 3.491621
Delta Dac: 0.000103
Checking detector protection. dv=0.00010
Magnet settling time: 1.049
setting magnet DAC
current  : 3.491621
requested: 3.491723
Delta Dac: 0.000103
Checking detector protection. dv=0.00010
Magnet settling time: 1.049
setting magnet DAC
current  : 3.491723
requested: 3.491826
Delta Dac: 0.000103
Checking detector protection. dv=0.00010
Magnet settling time: 1.049
setting magnet DAC
current  : 3.491826
requested: 3.491928
Delta Dac: 0.000103
Checking detector protection. dv=0.00010
Magnet settling time: 1.049
setting magnet DAC
current  : 3.491928
requested: 3.492031
Delta Dac: 0.000103
Checking detector protection. dv=0.00010
Magnet settling time: 1.049
setting magnet DAC
current  : 3.492031
requested: 3.492134
Delta Dac: 0.000103
Checking detector protection. dv=0.00010
Magnet settling time: 1.049
setting magnet DAC
current  : 3.492134
requested: 3.492236
Delta Dac: 0.000103
Checking detector protection. dv=0.00010
Magnet settling time: 1.049
setting magnet DAC
current  : 3.492236
requested: 3.492339
Delta Dac: 0.000103
Checking detector protection. dv=0.00010
Magnet settling time: 1.049
setting magnet DAC
current  : 3.492339
requested: 3.492441
Delta Dac: 0.000103
Checking detector protection. dv=0.00010
Magnet settling time: 1.049
setting magnet DAC
current  : 3.492441
requested: 3.492544
Delta Dac: 0.000103
Checking detector protection. dv=0.00010
Magnet settling time: 1.049
setting magnet DAC
current  : 3.492544
requested: 3.492646
Delta Dac: 0.000103
Checking detector protection. dv=0.00010
Magnet settling time: 1.049
setting magnet DAC
current  : 3.492646
requested: 3.492749
Delta Dac: 0.000103
Checking detector protection. dv=0.00010
Magnet settling time: 1.049
setting magnet DAC
current  : 3.492749
requested: 3.492852
Delta Dac: 0.000103
Checking detector protection. dv=0.00010
Magnet settling time: 1.049
setting magnet DAC
current  : 3.492852
requested: 3.492954
Delta Dac: 0.000103
Checking detector protection. dv=0.00010
Magnet settling time: 1.049
setting magnet DAC
current  : 3.492954
requested: 3.493057
Delta Dac: 0.000103
Checking detector protection. dv=0.00010
Magnet settling time: 1.049
setting magnet DAC
current  : 3.493057
requested: 3.493159
Delta Dac: 0.000103
Checking detector protection. dv=0.00010
Magnet settling time: 1.049
setting magnet DAC
current  : 3.493159
requested: 3.493262
Delta Dac: 0.000103
Checking detector protection. dv=0.00010
Magnet settling time: 1.049
setting magnet DAC
current  : 3.493262
requested: 3.493364
Delta Dac: 0.000103
Checking detector protection. dv=0.00010
Magnet settling time: 1.049
setting magnet DAC
current  : 3.493364
requested: 3.493467
Delta Dac: 0.000103
Checking detector protection. dv=0.00010
Magnet settling time: 1.049
setting magnet DAC
current  : 3.493467
requested: 3.493569
Delta Dac: 0.000103
Checking detector protection. dv=0.00010
Magnet settling time: 1.049
setting magnet DAC
current  : 3.493569
requested: 3.493672
Delta Dac: 0.000103
Checking detector protection. dv=0.00010
Magnet settling time: 1.049
setting magnet DAC
current  : 3.493672
requested: 3.493775
Delta Dac: 0.000103
Checking detector protection. dv=0.00010
Magnet settling time: 1.049
setting magnet DAC
current  : 3.493775
requested: 3.493877
Delta Dac: 0.000103
Checking detector protection. dv=0.00010
Magnet settling time: 1.049
setting magnet DAC
current  : 3.493877
requested: 3.493980
Delta Dac: 0.000103
Checking detector protection. dv=0.00010
Magnet settling time: 1.049
setting magnet DAC
current  : 3.493980
requested: 3.494082
Delta Dac: 0.000103
Checking detector protection. dv=0.00010
Magnet settling time: 1.049
setting magnet DAC
current  : 3.494082
requested: 3.494185
Delta Dac: 0.000103
Checking detector protection. dv=0.00010
Magnet settling time: 1.049
setting magnet DAC
current  : 3.494185
requested: 3.494287
Delta Dac: 0.000103
Checking detector protection. dv=0.00010
Magnet settling time: 1.049
setting magnet DAC
current  : 3.494287
requested: 3.494390
Delta Dac: 0.000103
Checking detector protection. dv=0.00010
Magnet settling time: 1.049
result of _do_sweep=True
result of _calculate_peak_center=([3.4912998196392788, 3.4924300801603207, 3.4935603406813627], [142.1677091302133, 192.46500649484724, 142.01073665455877], 3.4922336873747493, 192.46500649484724)
Failed to find a valid peak. No peak greater than 1.0. max = 0.0274122112669
new center pos Detector(H2) (Ar40) @ 3.49243008016
GetHighVoltage ===>> 9000
dac uncorrected for HV and deflection 3.49243008016
update mftable H2 Ar40 3.49243008016 message=automated run peakcenter
get initial guess parabolic
get initial guess parabolic
get initial guess parabolic
get initial guess parabolic
get initial guess parabolic
get initial guess parabolic
dump mftable to /Users/obama/PychronDev/setupfiles/spectrometer/mftables/argon.csv
add to repo msg=modified - automated run peakcenter
sweep finished
locally archiving mftable
setting magnet DAC
current  : 3.494390
requested: 3.492430
Delta Dac: 0.001960
Checking detector protection. dv=0.00196
SetMagnetDAC 3.49243008016 ===>> OK
Magnet settling time: 0.500
setting integration time = 1.048576
SetIntegrationTime 1.048576 ===>> OK
Failed to find a valid peak. No peak greater than 1.0. max = 0.0274122112669
flush and close file /Users/obama/PychronDev/data/isotopes/7d/d77a8d-5641-48a0-bbd2-d56e991b05eb.h5
finished measure script
executed snippet estimated_duration=650.242112, duration=640.367202997
felix_analysis400_120.py completed successfully
Measurement Finished
08:28:56 -- ******* Measurement Finished *******
Post Measurement Started felix_pump_ms.py
08:28:56 -- ******* Post Measurement Started felix_pump_ms.py *******
testing...
no interpolation path defined
executed snippet estimated_duration=0, duration=2.98023223877e-05
Pumping spectrometer
open () {'name': 'V'}
open name=V desc=---
checking ownership. requestor=129.138.12.137
check software interlocks V
interlocks []
actuate state mode=None-script, software_lock=False
doing actuation None-script open_channel True
Open V ===>> OK
GetIndicatorState V ===>> OK
change switch state (True, True)
update switch state V True args=() kw={} ncanvase=2
08:28:56 -- OPEN   VALVE-V (Felix Ion Pump)
-------------------------- open V () result=[(True, True)]
action=open, ok=True, locked=[False]
executed snippet estimated_duration=0, duration=0.363315105438
felix_pump_ms.py completed successfully
setting _ms_pumptime
Post Measurement Finished
08:28:56 -- ******* Post Measurement Finished *******
$$$$$$$$$$$$$$$$$$$$ state at run end measurement
state changed from measurement to success
post measurement save measured=True aborted=False
Set filtering
setting fod for Ar40= {'filter_outliers': True, 'std_devs': 2, 'iterations': 2}
setting fod for H2= {'filter_outliers': True, 'std_devs': 2, 'iterations': 1}
setting fod for Ar36= {'filter_outliers': True, 'std_devs': 2, 'iterations': 2}
setting fod for L2(CDD)= {'filter_outliers': True, 'std_devs': 2, 'iterations': 1}
setting fod for Ar37= {'filter_outliers': True, 'std_devs': 2, 'iterations': 2}
setting fod for L1= {'filter_outliers': True, 'std_devs': 2, 'iterations': 1}
setting fod for Ar38= {'filter_outliers': True, 'std_devs': 2, 'iterations': 2}
setting fod for AX= {'filter_outliers': True, 'std_devs': 2, 'iterations': 1}
setting fod for Ar39= {'filter_outliers': True, 'std_devs': 2, 'iterations': 2}
setting fod for H1= {'filter_outliers': True, 'std_devs': 2, 'iterations': 1}
persistence save...
persistence save - db
post measurement save
5032473808 connecting to database sqlite:////Users/obama/PychronDev/.appdata/local_lab.db
connected to db sqlite:////Users/obama/PychronDev/.appdata/local_lab.db
create new session 5032473808
close session 5032473808
No database instance. Not saving post measurement to isotopedb database
$$$$$$$$$$$$$$$ auto_save_detector_ic=False
massspec enabled True
create new session 4746565680
MassSpec Database Version: 16.0
close session 4746565680
saving post measurement to secondary database
saving to massspec database 129.138.12.160/massspecdata
setting labnumber to 65496
setting aliquot to 6
setting step to D
setting uuid to 7dd77a8d-5641-48a0-bbd2-d56e991b05eb
setting irradpos to 65496
setting extract_device to Fusions Diode
setting tray to 
setting position to 20
setting power_requested to 3.5
setting extract_value to 3.5
setting duration to 40.0
setting duration_at_request to 40.0
setting first_stage_delay to 40.0
setting cleanup to 60.0
setting comment to 
setting irradiation to NM-289
setting level to E
setting irradiation_level to E
setting sample to CC-13A
setting material to Biotite
setting project to Belanger975
setting mass_spectrometer to Felix
no attribute chron_dosages
no attribute production_ratios
no attribute interference_corrections
no attribute production_name
no attribute j
Reference Isotope=Ar40
Reference Detector=H2
%%%%%%%%%%%%%%%%%%%% Comment:  %%%%%%%%%%%%%%%%%%%
adding isotope Ar40 H2
add baseline dbdet= Ar40. original det= H2
get baseline data Ar40 H2
Get data baseline <pychron.processing.isotope.Baseline object at 0x123a1fa50> len t=120
baseline Ar40. v=-0.0341347862264, e=0.0088965074141
get signal data Ar40 H2
Get data signal Ar40 204.486+/-0.030 len t=400
adding isotope Ar39 H1
add baseline dbdet= Ar39. original det= H1
get baseline data Ar39 H1
Get data baseline <pychron.processing.isotope.Baseline object at 0x11cf38650> len t=120
baseline Ar39. v=-0.0483552313879, e=0.011014379948
get signal data Ar39 H1
Get data signal Ar39 53.862+/-0.028 len t=400
adding isotope Ar38 AX
add baseline dbdet= Ar38. original det= AX
get baseline data Ar38 AX
Get data baseline <pychron.processing.isotope.Baseline object at 0x11cf38490> len t=120
baseline Ar38. v=-0.128941687358, e=0.0103764197935
get signal data Ar38 AX
Get data signal Ar38 0.797+/-0.013 len t=400
adding isotope Ar37 L1
add baseline dbdet= Ar37. original det= L1
get baseline data Ar37 L1
Get data baseline <pychron.processing.isotope.Baseline object at 0x15038b250> len t=120
baseline Ar37. v=-0.504549363855, e=0.00998039015364
get signal data Ar37 L1
Get data signal Ar37 -0.028+/-0.011 len t=400
adding isotope Ar36 L2(CDD)
add baseline dbdet= Ar36. original det= L2(CDD)
get baseline data Ar36 L2(CDD)
Get data baseline <pychron.processing.isotope.Baseline object at 0x1299eb610> len t=120
baseline Ar36. v=0.0, e=0.0
get signal data Ar36 L2(CDD)
Get data signal Ar36 0.00759+/-0.00025 len t=400
65496-06D added analysis time 0.584309101105s
analysis added to mass spec database
mass spec save time= 0.595
persistence save - dvc
================= post measurement started
create new session 4709757200
close session 4709757200
---------------- Experiment Queue saving disabled
DVC saving peakcenter
Failed to find a valid peak. No peak greater than 1.0. max = 0.0274122112669
Smart pull ahead: 0 behind: 0
Up-to-date with origin
add to repo msg=modified - 1e2ad98a77a0f8b97e0df49be2474708cb221738.json
add to repo msg=modified - 96-06D.json
add to repo msg=modified - 96-06D.dat.json
add to repo msg=modified - 96-06D.blan.json
add to repo msg=modified - 96-06D.inte.json
add to repo msg=modified - 96-06D.icfa.json
add to repo msg=modified - 96-06D.base.json
not at valid file /Users/obama/PychronDev/data/.dvc/repositories/Load1797/654/tags/96-06D.tags.json
add to repo msg=modified - 96-06D.peak.json
add to repo msg=modified - 96-06D.extr.json
not at valid file /Users/obama/PychronDev/data/.dvc/repositories/Load1797/654/monitor/96-06D.moni.json
commit message=<COLLECTION>
add to repo msg=modified - 96-06D.inte.json
add to repo msg=modified - 96-06D.base.json
commit message=<ISOEVO> default collection fits
add to repo msg=modified - 96-06D.blan.json
commit message=<BLANKS> preceding bu-FD-F-578
add to repo msg=modified - 96-06D.icfa.json
commit message=<ICFactor> default
push repository <pychron.git_archive.repo_manager.GitRepoManager object at 0x1516b7170>
pushing to remote=origin, url=https://github.com
no changes to meta repo
create new session 4709757200
add association Load1797
get identifier "65496"
setting analysis irradiation position=<pychron.dvc.dvc_orm.IrradiationPositionTbl object at 0x14f7c3210>
close session 4709757200
================= post measurement finished
08:29:08 -- ******* Post Run Check *******
loading queue conditionals post_run_actions
loading system conditionals post_run_actions
loading conditionals from /Users/obama/PychronDev/setupfiles/spectrometer/default_conditionals.yaml
loading queue conditionals post_run_terminations
loading system conditionals post_run_terminations
loading conditionals from /Users/obama/PychronDev/setupfiles/spectrometer/default_conditionals.yaml
Checking default post run terminations n=1
GetDeflection L2 (CDD) ===>> 0
testing L2_CDD_==3250
evaluate ot="L2(CDD).deflection==3250" t="L2_CDD_==3250", ctx="{'L2_CDD_': 0.0}"
08:29:08 -- ******* Post Run Check Passed *******
08:29:08 -- Automated run 65496-06D success duration: 782.237 s
----------------- finish -----------------
----------------- stop -----------------
retroactive repository identifiers disabled
finish run. runs completed=74
update duration runid=65496-06D, duration=782.237105131, md5=0f1daef3
loading script "felix_analysis400_120.py"
loading script "felix_pump_ms.py"
loading script "felix_diode.py"
loading script "felix_pump_extraction_line.py"
testing...
no interpolation path defined
executed snippet estimated_duration=624.242112, duration=0.000370025634766
script duration name:analysis400_120 seconds:624.0
loading script "felix_analysis400_120.py"
loading script "felix_pump_ms.py"
loading script "felix_diode.py"
loading script "felix_pump_extraction_line.py"
testing...
no interpolation path defined
executed snippet estimated_duration=0, duration=4.10079956055e-05
loading script "felix_analysis400_120.py"
loading script "felix_pump_ms.py"
loading script "felix_diode.py"
loading script "felix_pump_extraction_line.py"
testing...
no interpolation path defined
calculate duration
testing...
no interpolation path defined
executed snippet estimated_duration=0, duration=0.000113010406494
calculate duration
testing...
no interpolation path defined
executed snippet estimated_duration=0, duration=3.38554382324e-05
calculate duration
testing...
no interpolation path defined
executed snippet estimated_duration=42.0, duration=0.000153064727783
executed snippet estimated_duration=42.0, duration=0.0118870735168
script duration name:diode seconds:42.0
loading script "felix_analysis400_120.py"
loading script "felix_pump_ms.py"
loading script "felix_diode.py"
loading script "felix_pump_extraction_line.py"
testing...
no interpolation path defined
calculate duration
testing...
no interpolation path defined
executed snippet estimated_duration=4.0, duration=0.00025200843811
executed snippet estimated_duration=4.0, duration=0.00250887870789
Script duration 666.0
Run total estimated duration= 667.000
analysis400_120 in script context. using previous estimated duration
script duration name:analysis400_120 seconds:624.0
pump_ms in script context. using previous estimated duration
diode in script context. using previous estimated duration
script duration name:diode seconds:42.0
pump_extraction_line in script context. using previous estimated duration
Script duration 666.0
Run total estimated duration= 667.000
script duration name:analysis400_120 seconds:624.0
script duration name:diode seconds:42.0
Script duration 666.0
Run total estimated duration= 667.000
script duration name:analysis400_120 seconds:624.0
script duration name:diode seconds:42.0
Script duration 666.0
Run total estimated duration= 667.000
script duration name:analysis400_120 seconds:624.0
script duration name:diode seconds:42.0
Script duration 666.0
Run total estimated duration= 667.000
script duration name:analysis400_120 seconds:624.0
script duration name:diode seconds:42.0
Script duration 666.0
Run total estimated duration= 667.000
script duration name:analysis400_120 seconds:624.0
script duration name:diode seconds:42.0
Script duration 666.0
Run total estimated duration= 667.000
script duration name:analysis400_120 seconds:624.0
script duration name:diode seconds:42.0
Script duration 666.0
Run total estimated duration= 667.000
script duration name:analysis400_120 seconds:624.0
script duration name:diode seconds:42.0
Script duration 666.0
Run total estimated duration= 667.000
script duration name:analysis400_120 seconds:624.0
script duration name:diode seconds:42.0
Script duration 666.0
Run total estimated duration= 667.000
script duration name:analysis400_120 seconds:624.0
script duration name:diode seconds:42.0
Script duration 666.0
Run total estimated duration= 667.000
script duration name:analysis400_120 seconds:624.0
script duration name:diode seconds:42.0
Script duration 666.0
Run total estimated duration= 667.000
script duration name:analysis400_120 seconds:624.0
script duration name:diode seconds:42.0
Script duration 666.0
Run total estimated duration= 667.000
script duration name:analysis400_120 seconds:624.0
script duration name:diode seconds:42.0
Script duration 666.0
Run total estimated duration= 667.000
script duration name:analysis400_120 seconds:624.0
script duration name:diode seconds:42.0
Script duration 666.0
Run total estimated duration= 667.000
script duration name:analysis400_120 seconds:624.0
script duration name:diode seconds:42.0
Script duration 666.0
Run total estimated duration= 667.000
script duration name:analysis400_120 seconds:624.0
script duration name:diode seconds:42.0
Script duration 666.0
Run total estimated duration= 667.000
script duration name:analysis400_120 seconds:624.0
script duration name:diode seconds:42.0
Script duration 666.0
Run total estimated duration= 667.000
script duration name:analysis400_120 seconds:624.0
script duration name:diode seconds:42.0
Script duration 666.0
Run total estimated duration= 667.000
script duration name:analysis400_120 seconds:624.0
loading script "felix_analysis400_120.py"
loading script "felix_pump_ms.py"
loading script "felix_air_x2.py"
loading script "felix_pump_extraction_line.py"
testing...
no interpolation path defined
calculate duration
testing...
no interpolation path defined
executed snippet estimated_duration=0, duration=7.91549682617e-05
calculate duration
testing...
no interpolation path defined
executed snippet estimated_duration=0, duration=0.000177145004272
calculate duration
testing...
no interpolation path defined
executed snippet estimated_duration=32.0, duration=0.000130891799927
calculate duration
testing...
no interpolation path defined
executed snippet estimated_duration=34.0, duration=0.000200986862183
calculate duration
testing...
no interpolation path defined
executed snippet estimated_duration=2.0, duration=0.000119924545288
calculate duration
testing...
no interpolation path defined
executed snippet estimated_duration=34.0, duration=0.000118970870972
calculate duration
testing...
no interpolation path defined
executed snippet estimated_duration=34.0, duration=0.000163793563843
calculate duration
testing...
no interpolation path defined
executed snippet estimated_duration=34.0, duration=0.000117063522339
executed snippet estimated_duration=174.0, duration=0.0384681224823
script duration name:air_x2 seconds:174.0
Script duration 798.0
Run total estimated duration= 799.000
script duration name:analysis400_120 seconds:624.0
air_x2 in script context. using previous estimated duration
script duration name:air_x2 seconds:174.0
Script duration 798.0
Run total estimated duration= 799.000
script duration name:analysis400_120 seconds:624.0
script duration name:air_x2 seconds:174.0
Script duration 798.0
Run total estimated duration= 799.000
script duration name:analysis400_120 seconds:624.0
script duration name:air_x2 seconds:174.0
Script duration 798.0
Run total estimated duration= 799.000
script duration name:analysis400_120 seconds:624.0
script duration name:air_x2 seconds:174.0
Script duration 798.0
Run total estimated duration= 799.000
script duration name:analysis400_120 seconds:624.0
loading script "felix_analysis400_120.py"
loading script "felix_pump_ms.py"
loading script "felix_cocktail_x3.py"
loading script "felix_pump_extraction_line.py"
testing...
no interpolation path defined
calculate duration
testing...
no interpolation path defined
executed snippet estimated_duration=0, duration=7.70092010498e-05
calculate duration
testing...
no interpolation path defined
executed snippet estimated_duration=0, duration=0.00019907951355
calculate duration
testing...
no interpolation path defined
executed snippet estimated_duration=32.0, duration=0.0001540184021
calculate duration
testing...
no interpolation path defined
executed snippet estimated_duration=34.0, duration=0.000200986862183
calculate duration
testing...
no interpolation path defined
executed snippet estimated_duration=2.0, duration=9.58442687988e-05
calculate duration
testing...
no interpolation path defined
executed snippet estimated_duration=34.0, duration=0.000118017196655
calculate duration
testing...
no interpolation path defined
executed snippet estimated_duration=34.0, duration=0.000191926956177
calculate duration
testing...
no interpolation path defined
executed snippet estimated_duration=34.0, duration=0.000120878219604
calculate duration
testing...
no interpolation path defined
executed snippet estimated_duration=34.0, duration=0.000164031982422
calculate duration
testing...
no interpolation path defined
executed snippet estimated_duration=34.0, duration=0.000113964080811
executed snippet estimated_duration=244.0, duration=0.0419888496399
script duration name:cocktail_x3 seconds:244.0
Script duration 868.0
Run total estimated duration= 869.000
script duration name:analysis400_120 seconds:624.0
cocktail_x3 in script context. using previous estimated duration
script duration name:cocktail_x3 seconds:244.0
Script duration 868.0
Run total estimated duration= 869.000
script duration name:analysis400_120 seconds:624.0
script duration name:cocktail_x3 seconds:244.0
Script duration 868.0
Run total estimated duration= 869.000
script duration name:analysis400_120 seconds:624.0
script duration name:diode seconds:42.0
Script duration 666.0
Run total estimated duration= 667.000
script duration name:analysis400_120 seconds:624.0
script duration name:diode seconds:42.0
Script duration 666.0
Run total estimated duration= 667.000
script duration name:analysis400_120 seconds:624.0
script duration name:diode seconds:42.0
Script duration 666.0
Run total estimated duration= 667.000
script duration name:analysis400_120 seconds:624.0
script duration name:diode seconds:42.0
Script duration 666.0
Run total estimated duration= 667.000
script duration name:analysis400_120 seconds:624.0
script duration name:diode seconds:42.0
Script duration 666.0
Run total estimated duration= 667.000
script duration name:analysis400_120 seconds:624.0
script duration name:diode seconds:42.0
Script duration 666.0
Run total estimated duration= 667.000
script duration name:analysis400_120 seconds:624.0
script duration name:diode seconds:42.0
Script duration 666.0
Run total estimated duration= 667.000
script duration name:analysis400_120 seconds:624.0
script duration name:diode seconds:42.0
Script duration 666.0
Run total estimated duration= 667.000
script duration name:analysis400_120 seconds:624.0
script duration name:diode seconds:42.0
Script duration 666.0
Run total estimated duration= 667.000
script duration name:analysis400_120 seconds:624.0
script duration name:diode seconds:42.0
Script duration 666.0
Run total estimated duration= 667.000
script duration name:analysis400_120 seconds:624.0
script duration name:diode seconds:42.0
Script duration 666.0
Run total estimated duration= 667.000
script duration name:analysis400_120 seconds:624.0
script duration name:diode seconds:42.0
Script duration 666.0
Run total estimated duration= 667.000
script duration name:analysis400_120 seconds:624.0
script duration name:diode seconds:42.0
Script duration 666.0
Run total estimated duration= 667.000
script duration name:analysis400_120 seconds:624.0
script duration name:diode seconds:42.0
Script duration 666.0
Run total estimated duration= 667.000
script duration name:analysis400_120 seconds:624.0
script duration name:diode seconds:42.0
Script duration 666.0
Run total estimated duration= 667.000
script duration name:analysis400_120 seconds:624.0
script duration name:diode seconds:42.0
Script duration 666.0
Run total estimated duration= 667.000
script duration name:analysis400_120 seconds:624.0
script duration name:diode seconds:42.0
Script duration 666.0
Run total estimated duration= 667.000
script duration name:analysis400_120 seconds:624.0
script duration name:diode seconds:42.0
Script duration 666.0
Run total estimated duration= 667.000
script duration name:analysis400_120 seconds:624.0
script duration name:diode seconds:42.0
Script duration 666.0
Run total estimated duration= 667.000
script duration name:analysis400_120 seconds:624.0
script duration name:diode seconds:42.0
Script duration 666.0
Run total estimated duration= 667.000
script duration name:analysis400_120 seconds:624.0
script duration name:diode seconds:42.0
Script duration 666.0
Run total estimated duration= 667.000
script duration name:analysis400_120 seconds:624.0
script duration name:diode seconds:42.0
Script duration 666.0
Run total estimated duration= 667.000
script duration name:analysis400_120 seconds:624.0
script duration name:diode seconds:42.0
Script duration 666.0
Run total estimated duration= 667.000
script duration name:analysis400_120 seconds:624.0
script duration name:diode seconds:42.0
Script duration 666.0
Run total estimated duration= 667.000
script duration name:analysis400_120 seconds:624.0
script duration name:diode seconds:42.0
Script duration 666.0
Run total estimated duration= 667.000
script duration name:analysis400_120 seconds:624.0
script duration name:diode seconds:42.0
Script duration 666.0
Run total estimated duration= 667.000
script duration name:analysis400_120 seconds:624.0
script duration name:diode seconds:42.0
Script duration 666.0
Run total estimated duration= 667.000
script duration name:analysis400_120 seconds:624.0
script duration name:diode seconds:42.0
Script duration 666.0
Run total estimated duration= 667.000
script duration name:analysis400_120 seconds:624.0
script duration name:diode seconds:42.0
Script duration 666.0
Run total estimated duration= 667.000
script duration name:analysis400_120 seconds:624.0
script duration name:diode seconds:42.0
Script duration 666.0
Run total estimated duration= 667.000
script duration name:analysis400_120 seconds:624.0
script duration name:diode seconds:42.0
Script duration 666.0
Run total estimated duration= 667.000
script duration name:analysis400_120 seconds:624.0
script duration name:diode seconds:42.0
Script duration 666.0
Run total estimated duration= 667.000
script duration name:analysis400_120 seconds:624.0
script duration name:diode seconds:42.0
Script duration 666.0
Run total estimated duration= 667.000
script duration name:analysis400_120 seconds:624.0
script duration name:diode seconds:42.0
Script duration 666.0
Run total estimated duration= 667.000
script duration name:analysis400_120 seconds:624.0
script duration name:diode seconds:42.0
Script duration 666.0
Run total estimated duration= 667.000
script duration name:analysis400_120 seconds:624.0
script duration name:diode seconds:42.0
Script duration 666.0
Run total estimated duration= 667.000
script duration name:analysis400_120 seconds:624.0
script duration name:diode seconds:42.0
Script duration 666.0
Run total estimated duration= 667.000
script duration name:analysis400_120 seconds:624.0
script duration name:diode seconds:42.0
Script duration 666.0
Run total estimated duration= 667.000
script duration name:analysis400_120 seconds:624.0
script duration name:diode seconds:42.0
Script duration 666.0
Run total estimated duration= 667.000
script duration name:analysis400_120 seconds:624.0
script duration name:diode seconds:42.0
Script duration 666.0
Run total estimated duration= 667.000
script duration name:analysis400_120 seconds:624.0
script duration name:diode seconds:42.0
Script duration 666.0
Run total estimated duration= 667.000
script duration name:analysis400_120 seconds:624.0
script duration name:diode seconds:42.0
Script duration 666.0
Run total estimated duration= 667.000
script duration name:analysis400_120 seconds:624.0
script duration name:air_x2 seconds:174.0
Script duration 798.0
Run total estimated duration= 799.000
script duration name:analysis400_120 seconds:624.0
script duration name:air_x2 seconds:174.0
Script duration 798.0
Run total estimated duration= 799.000
script duration name:analysis400_120 seconds:624.0
script duration name:air_x2 seconds:174.0
Script duration 798.0
Run total estimated duration= 799.000
script duration name:analysis400_120 seconds:624.0
script duration name:air_x2 seconds:174.0
Script duration 798.0
Run total estimated duration= 799.000
script duration name:analysis400_120 seconds:624.0
script duration name:air_x2 seconds:174.0
Script duration 798.0
Run total estimated duration= 799.000
script duration name:analysis400_120 seconds:624.0
script duration name:cocktail_x3 seconds:244.0
Script duration 868.0
Run total estimated duration= 869.000
script duration name:analysis400_120 seconds:624.0
script duration name:cocktail_x3 seconds:244.0
Script duration 868.0
Run total estimated duration= 869.000
script duration name:analysis400_120 seconds:624.0
script duration name:cocktail_x3 seconds:244.0
Script duration 868.0
Run total estimated duration= 869.000
script duration name:analysis400_120 seconds:624.0
script duration name:diode seconds:42.0
Script duration 666.0
Run total estimated duration= 667.000
script duration name:analysis400_120 seconds:624.0
script duration name:diode seconds:42.0
Script duration 666.0
Run total estimated duration= 667.000
script duration name:analysis400_120 seconds:624.0
script duration name:diode seconds:42.0
Script duration 666.0
Run total estimated duration= 667.000
script duration name:analysis400_120 seconds:624.0
script duration name:diode seconds:42.0
Script duration 666.0
Run total estimated duration= 667.000
script duration name:analysis400_120 seconds:624.0
script duration name:diode seconds:42.0
Script duration 666.0
Run total estimated duration= 667.000
script duration name:analysis400_120 seconds:624.0
script duration name:diode seconds:42.0
Script duration 666.0
Run total estimated duration= 667.000
script duration name:analysis400_120 seconds:624.0
script duration name:diode seconds:42.0
Script duration 666.0
Run total estimated duration= 667.000
script duration name:analysis400_120 seconds:624.0
script duration name:diode seconds:42.0
Script duration 666.0
Run total estimated duration= 667.000
script duration name:analysis400_120 seconds:624.0
script duration name:diode seconds:42.0
Script duration 666.0
Run total estimated duration= 667.000
script duration name:analysis400_120 seconds:624.0
script duration name:diode seconds:42.0
Script duration 666.0
Run total estimated duration= 667.000
script duration name:analysis400_120 seconds:624.0
script duration name:diode seconds:42.0
Script duration 666.0
Run total estimated duration= 667.000
script duration name:analysis400_120 seconds:624.0
script duration name:diode seconds:42.0
Script duration 666.0
Run total estimated duration= 667.000
script duration name:analysis400_120 seconds:624.0
script duration name:diode seconds:42.0
Script duration 666.0
Run total estimated duration= 667.000
script duration name:analysis400_120 seconds:624.0
script duration name:diode seconds:42.0
Script duration 666.0
Run total estimated duration= 667.000
script duration name:analysis400_120 seconds:624.0
script duration name:diode seconds:42.0
Script duration 666.0
Run total estimated duration= 667.000
script duration name:analysis400_120 seconds:624.0
script duration name:diode seconds:42.0
Script duration 666.0
Run total estimated duration= 667.000
script duration name:analysis400_120 seconds:624.0
script duration name:diode seconds:42.0
Script duration 666.0
Run total estimated duration= 667.000
script duration name:analysis400_120 seconds:624.0
script duration name:diode seconds:42.0
Script duration 666.0
Run total estimated duration= 667.000
script duration name:analysis400_120 seconds:624.0
script duration name:diode seconds:42.0
Script duration 666.0
Run total estimated duration= 667.000
script duration name:analysis400_120 seconds:624.0
script duration name:diode seconds:42.0
Script duration 666.0
Run total estimated duration= 667.000
script duration name:analysis400_120 seconds:624.0
script duration name:diode seconds:42.0
Script duration 666.0
Run total estimated duration= 667.000
script duration name:analysis400_120 seconds:624.0
script duration name:diode seconds:42.0
Script duration 666.0
Run total estimated duration= 667.000
script duration name:analysis400_120 seconds:624.0
script duration name:diode seconds:42.0
Script duration 666.0
Run total estimated duration= 667.000
script duration name:analysis400_120 seconds:624.0
script duration name:diode seconds:42.0
Script duration 666.0
Run total estimated duration= 667.000
script duration name:analysis400_120 seconds:624.0
script duration name:diode seconds:42.0
Script duration 666.0
Run total estimated duration= 667.000
script duration name:analysis400_120 seconds:624.0
script duration name:diode seconds:42.0
Script duration 666.0
Run total estimated duration= 667.000
script duration name:analysis400_120 seconds:624.0
script duration name:diode seconds:42.0
Script duration 666.0
Run total estimated duration= 667.000
script duration name:analysis400_120 seconds:624.0
script duration name:diode seconds:42.0
Script duration 666.0
Run total estimated duration= 667.000
script duration name:analysis400_120 seconds:624.0
script duration name:diode seconds:42.0
Script duration 666.0
Run total estimated duration= 667.000
script duration name:analysis400_120 seconds:624.0
script duration name:diode seconds:42.0
Script duration 666.0
Run total estimated duration= 667.000
script duration name:analysis400_120 seconds:624.0
script duration name:diode seconds:42.0
Script duration 666.0
Run total estimated duration= 667.000
script duration name:analysis400_120 seconds:624.0
script duration name:diode seconds:42.0
Script duration 666.0
Run total estimated duration= 667.000
script duration name:analysis400_120 seconds:624.0
script duration name:diode seconds:42.0
Script duration 666.0
Run total estimated duration= 667.000
script duration name:analysis400_120 seconds:624.0
script duration name:diode seconds:42.0
Script duration 666.0
Run total estimated duration= 667.000
script duration name:analysis400_120 seconds:624.0
script duration name:diode seconds:42.0
Script duration 666.0
Run total estimated duration= 667.000
script duration name:analysis400_120 seconds:624.0
script duration name:diode seconds:42.0
Script duration 666.0
Run total estimated duration= 667.000
script duration name:analysis400_120 seconds:624.0
script duration name:diode seconds:42.0
Script duration 666.0
Run total estimated duration= 667.000
script duration name:analysis400_120 seconds:624.0
script duration name:diode seconds:42.0
Script duration 666.0
Run total estimated duration= 667.000
script duration name:analysis400_120 seconds:624.0
script duration name:diode seconds:42.0
Script duration 666.0
Run total estimated duration= 667.000
script duration name:analysis400_120 seconds:624.0
script duration name:diode seconds:42.0
Script duration 666.0
Run total estimated duration= 667.000
script duration name:analysis400_120 seconds:624.0
script duration name:diode seconds:42.0
Script duration 666.0
Run total estimated duration= 667.000
script duration name:analysis400_120 seconds:624.0
script duration name:diode seconds:42.0
Script duration 666.0
Run total estimated duration= 667.000
script duration name:analysis400_120 seconds:624.0
script duration name:air_x2 seconds:174.0
Script duration 798.0
Run total estimated duration= 799.000
script duration name:analysis400_120 seconds:624.0
script duration name:air_x2 seconds:174.0
Script duration 798.0
Run total estimated duration= 799.000
script duration name:analysis400_120 seconds:624.0
script duration name:air_x2 seconds:174.0
Script duration 798.0
Run total estimated duration= 799.000
script duration name:analysis400_120 seconds:624.0
script duration name:air_x2 seconds:174.0
Script duration 798.0
Run total estimated duration= 799.000
script duration name:analysis400_120 seconds:624.0
script duration name:air_x2 seconds:174.0
Script duration 798.0
Run total estimated duration= 799.000
script duration name:analysis400_120 seconds:624.0
script duration name:cocktail_x3 seconds:244.0
Script duration 868.0
Run total estimated duration= 869.000
script duration name:analysis400_120 seconds:624.0
script duration name:cocktail_x3 seconds:244.0
Script duration 868.0
Run total estimated duration= 869.000
script duration name:analysis400_120 seconds:624.0
script duration name:cocktail_x3 seconds:244.0
Script duration 868.0
Run total estimated duration= 869.000
script duration name:analysis400_120 seconds:624.0
script duration name:diode seconds:42.0
Script duration 666.0
Run total estimated duration= 667.000
script duration name:analysis400_120 seconds:624.0
script duration name:diode seconds:42.0
Script duration 666.0
Run total estimated duration= 667.000
script duration name:analysis400_120 seconds:624.0
script duration name:diode seconds:42.0
Script duration 666.0
Run total estimated duration= 667.000
script duration name:analysis400_120 seconds:624.0
script duration name:diode seconds:42.0
Script duration 666.0
Run total estimated duration= 667.000
script duration name:analysis400_120 seconds:624.0
script duration name:diode seconds:42.0
Script duration 666.0
Run total estimated duration= 667.000
script duration name:analysis400_120 seconds:624.0
script duration name:diode seconds:42.0
Script duration 666.0
Run total estimated duration= 667.000
script duration name:analysis400_120 seconds:624.0
script duration name:diode seconds:42.0
Script duration 666.0
Run total estimated duration= 667.000
script duration name:analysis400_120 seconds:624.0
script duration name:diode seconds:42.0
Script duration 666.0
Run total estimated duration= 667.000
script duration name:analysis400_120 seconds:624.0
script duration name:diode seconds:42.0
Script duration 666.0
Run total estimated duration= 667.000
script duration name:analysis400_120 seconds:624.0
script duration name:diode seconds:42.0
Script duration 666.0
Run total estimated duration= 667.000
script duration name:analysis400_120 seconds:624.0
script duration name:diode seconds:42.0
Script duration 666.0
Run total estimated duration= 667.000
script duration name:analysis400_120 seconds:624.0
script duration name:diode seconds:42.0
Script duration 666.0
Run total estimated duration= 667.000
script duration name:analysis400_120 seconds:624.0
script duration name:diode seconds:42.0
Script duration 666.0
Run total estimated duration= 667.000
script duration name:analysis400_120 seconds:624.0
script duration name:diode seconds:42.0
Script duration 666.0
Run total estimated duration= 667.000
script duration name:analysis400_120 seconds:624.0
script duration name:diode seconds:42.0
Script duration 666.0
Run total estimated duration= 667.000
script duration name:analysis400_120 seconds:624.0
script duration name:diode seconds:42.0
Script duration 666.0
Run total estimated duration= 667.000
script duration name:analysis400_120 seconds:624.0
script duration name:diode seconds:42.0
Script duration 666.0
Run total estimated duration= 667.000
script duration name:analysis400_120 seconds:624.0
script duration name:diode seconds:42.0
Script duration 666.0
Run total estimated duration= 667.000
script duration name:analysis400_120 seconds:624.0
script duration name:diode seconds:42.0
Script duration 666.0
Run total estimated duration= 667.000
script duration name:analysis400_120 seconds:624.0
script duration name:diode seconds:42.0
Script duration 666.0
Run total estimated duration= 667.000
script duration name:analysis400_120 seconds:624.0
script duration name:diode seconds:42.0
Script duration 666.0
Run total estimated duration= 667.000
script duration name:analysis400_120 seconds:624.0
script duration name:diode seconds:42.0
Script duration 666.0
Run total estimated duration= 667.000
script duration name:analysis400_120 seconds:624.0
script duration name:diode seconds:42.0
Script duration 666.0
Run total estimated duration= 667.000
script duration name:analysis400_120 seconds:624.0
script duration name:diode seconds:42.0
Script duration 666.0
Run total estimated duration= 667.000
script duration name:analysis400_120 seconds:624.0
script duration name:diode seconds:42.0
Script duration 666.0
Run total estimated duration= 667.000
script duration name:analysis400_120 seconds:624.0
script duration name:diode seconds:42.0
Script duration 666.0
Run total estimated duration= 667.000
script duration name:analysis400_120 seconds:624.0
script duration name:diode seconds:42.0
Script duration 666.0
Run total estimated duration= 667.000
script duration name:analysis400_120 seconds:624.0
script duration name:diode seconds:42.0
Script duration 666.0
Run total estimated duration= 667.000
script duration name:analysis400_120 seconds:624.0
script duration name:diode seconds:42.0
Script duration 666.0
Run total estimated duration= 667.000
script duration name:analysis400_120 seconds:624.0
script duration name:diode seconds:42.0
Script duration 666.0
Run total estimated duration= 667.000
script duration name:analysis400_120 seconds:624.0
script duration name:diode seconds:42.0
Script duration 666.0
Run total estimated duration= 667.000
script duration name:analysis400_120 seconds:624.0
script duration name:diode seconds:42.0
Script duration 666.0
Run total estimated duration= 667.000
script duration name:analysis400_120 seconds:624.0
script duration name:diode seconds:42.0
Script duration 666.0
Run total estimated duration= 667.000
script duration name:analysis400_120 seconds:624.0
script duration name:diode seconds:42.0
Script duration 666.0
Run total estimated duration= 667.000
script duration name:analysis400_120 seconds:624.0
script duration name:diode seconds:42.0
Script duration 666.0
Run total estimated duration= 667.000
script duration name:analysis400_120 seconds:624.0
script duration name:diode seconds:42.0
Script duration 666.0
Run total estimated duration= 667.000
script duration name:analysis400_120 seconds:624.0
script duration name:diode seconds:42.0
Script duration 666.0
Run total estimated duration= 667.000
script duration name:analysis400_120 seconds:624.0
script duration name:diode seconds:42.0
Script duration 666.0
Run total estimated duration= 667.000
script duration name:analysis400_120 seconds:624.0
script duration name:diode seconds:42.0
Script duration 666.0
Run total estimated duration= 667.000
script duration name:analysis400_120 seconds:624.0
script duration name:diode seconds:42.0
Script duration 666.0
Run total estimated duration= 667.000
script duration name:analysis400_120 seconds:624.0
script duration name:diode seconds:42.0
Script duration 666.0
Run total estimated duration= 667.000
script duration name:analysis400_120 seconds:624.0
script duration name:diode seconds:42.0
Script duration 666.0
Run total estimated duration= 667.000
script duration name:analysis400_120 seconds:624.0
script duration name:diode seconds:42.0
Script duration 666.0
Run total estimated duration= 667.000
script duration name:analysis400_120 seconds:624.0
script duration name:diode seconds:42.0
Script duration 666.0
Run total estimated duration= 667.000
script duration name:analysis400_120 seconds:624.0
script duration name:diode seconds:42.0
Script duration 666.0
Run total estimated duration= 667.000
script duration name:analysis400_120 seconds:624.0
script duration name:diode seconds:42.0
Script duration 666.0
Run total estimated duration= 667.000
script duration name:analysis400_120 seconds:624.0
script duration name:diode seconds:42.0
Script duration 666.0
Run total estimated duration= 667.000
script duration name:analysis400_120 seconds:624.0
script duration name:diode seconds:42.0
Script duration 666.0
Run total estimated duration= 667.000
script duration name:analysis400_120 seconds:624.0
script duration name:diode seconds:42.0
Script duration 666.0
Run total estimated duration= 667.000
script duration name:analysis400_120 seconds:624.0
script duration name:air_x2 seconds:174.0
Script duration 798.0
Run total estimated duration= 799.000
script duration name:analysis400_120 seconds:624.0
script duration name:air_x2 seconds:174.0
Script duration 798.0
Run total estimated duration= 799.000
script duration name:analysis400_120 seconds:624.0
script duration name:air_x2 seconds:174.0
Script duration 798.0
Run total estimated duration= 799.000
script duration name:analysis400_120 seconds:624.0
script duration name:air_x2 seconds:174.0
Script duration 798.0
Run total estimated duration= 799.000
script duration name:analysis400_120 seconds:624.0
script duration name:air_x2 seconds:174.0
Script duration 798.0
Run total estimated duration= 799.000
script duration name:analysis400_120 seconds:624.0
script duration name:cocktail_x3 seconds:244.0
Script duration 868.0
Run total estimated duration= 869.000
script duration name:analysis400_120 seconds:624.0
script duration name:cocktail_x3 seconds:244.0
Script duration 868.0
Run total estimated duration= 869.000
script duration name:analysis400_120 seconds:624.0
script duration name:cocktail_x3 seconds:244.0
Script duration 868.0
Run total estimated duration= 869.000
nruns=184 before=5.0, run_dur=127792.0, btw=5490.0
write rem/ex queues
/Users/obama/PychronDev/experiments/rem/Load1797.rem.txt
/Users/obama/PychronDev/experiments/rem/Load1797.ex.txt
doing event level: 3
