do run
loading script "felix_analysis400_120.py"
loading script "felix_pump_ms.py"
loading script "felix_diode.py"
loading script "felix_pump_extraction_line.py"
testing...
no interpolation path defined
executed snippet estimated_duration=624.242112, duration=0.000265121459961
script duration name:analysis400_120 seconds:624.0
loading script "felix_analysis400_120.py"
loading script "felix_pump_ms.py"
loading script "felix_diode.py"
loading script "felix_pump_extraction_line.py"
testing...
no interpolation path defined
executed snippet estimated_duration=0, duration=2.59876251221e-05
loading script "felix_analysis400_120.py"
loading script "felix_pump_ms.py"
loading script "felix_diode.py"
loading script "felix_pump_extraction_line.py"
testing...
no interpolation path defined
calculate duration
testing...
no interpolation path defined
executed snippet estimated_duration=0, duration=9.29832458496e-05
calculate duration
testing...
no interpolation path defined
executed snippet estimated_duration=0, duration=2.69412994385e-05
calculate duration
testing...
no interpolation path defined
executed snippet estimated_duration=42.0, duration=0.000103950500488
executed snippet estimated_duration=42.0, duration=0.00363206863403
script duration name:diode seconds:42.0
loading script "felix_analysis400_120.py"
loading script "felix_pump_ms.py"
loading script "felix_diode.py"
loading script "felix_pump_extraction_line.py"
testing...
no interpolation path defined
calculate duration
testing...
no interpolation path defined
executed snippet estimated_duration=4.0, duration=0.00019907951355
executed snippet estimated_duration=4.0, duration=0.00127410888672
Script duration 666.0
Run total estimated duration= 667.000
run duration: 0:11:07
doing event level: 2
14:03:44 -- Setting default integration. t=1.048576
setting integration time = 1.048576
SetIntegrationTime 1.048576 ===>> OK
----------------- start -----------------
**************** Experiment Type: Ar/Ar, Ar/Ar
create new session 4945927056
close session 4945927056
$$$$$ Clearing conditionals
adding conditionals 
Add queue conditionals
add default conditionals
adding default conditionals from /Users/obama/PychronDev/setupfiles/spectrometer/default_conditionals.yaml
Start automated run 65497-13D
loading script "felix_analysis400_120.py"
loading script "felix_pump_ms.py"
loading script "felix_diode.py"
loading script "felix_pump_extraction_line.py"
%%%%%%%%%%%%%%%%%% setting automated run 65497-13D
No value "sensitivity_multiplier" in metadata
$$$$$$$$$$$$$$$ auto_save_detector_ic=False
============================= Pre Extraction Check =============================
loading queue conditionals pre_run_terminations
loading system conditionals pre_run_terminations
loading conditionals from /Users/obama/PychronDev/setupfiles/spectrometer/default_conditionals.yaml
14:03:45 -- ******* Pre Extraction Check *******
Get a measurement from the spectrometer
Pre Extraction Termination data. keys=L2(CDD),H2,H1,AX,L1,L2, signals=0.00000,-0.18502,-0.12307,-0.08597,0.05142,-0.78130
14:03:45 -- testing system defined conditionals
Checking default pre extraction terminations n=2
testing L2_CDD_
evaluate ot="L2(CDD).inactive" t="L2_CDD_", ctx="{'L2_CDD_': False}"
GetDeflection L2 (CDD) ===>> 0
testing L2_CDD_==3250
evaluate ot="L2(CDD).deflection==3250" t="L2_CDD_==3250", ctx="{'L2_CDD_': 0.0}"
14:03:45 -- ******* Pre Extraction Check Passed *******
=================================================================================
14:03:45 -- stopping status monitor
stop 4963632240
Alive clients [4922231120]
14:03:45 -- starting status monitor
start 4963632240
Monitor already running
start extraction
do extraction
Analysis started at 14:03:45.063048
Extraction Started felix_diode.py
14:03:45 -- ******* Extraction Started felix_diode.py *******
state changed from not run to extraction
DO EXTRACTION <pychron.extraction_line.pyscript_runner.RemotePyScriptRunner object at 0x128886b90>
testing...
no interpolation path defined
calculate duration
testing...
no interpolation path defined
executed snippet estimated_duration=0, duration=9.29832458496e-05
calculate duration
testing...
no interpolation path defined
executed snippet estimated_duration=0, duration=3.50475311279e-05
calculate duration
testing...
no interpolation path defined
executed snippet estimated_duration=42.0, duration=9.29832458496e-05
executed snippet estimated_duration=204.0, duration=0.00417184829712
Felix unknown laser analysis
set_motor ('beam', '') {}
setting motor "beam" to 
doing GOSUB
testing...
no interpolation path defined
executed snippet estimated_duration=0, duration=8.29696655273e-05
Prepare for Diode Analysis
close () {'description': 'Felix Inlet'}
close name=--- desc=Felix Inlet
checking ownership. requestor=129.138.12.137
check software interlocks H
interlocks []
actuate state mode=None-script, software_lock=False
doing actuation None-script close_channel False
Close H ===>> OK
GetIndicatorState H ===>> False
change switch state (True, True)
update switch state H False args=() kw={} ncanvase=2
14:03:45 -- CLOSE  VALVE-H (Felix Inlet)
-------------------------- close None (Felix Inlet) result=[(True, True)]
action=close, ok=True, locked=[False]
open () {'description': 'Felix Ion Pump'}
open name=--- desc=Felix Ion Pump
checking ownership. requestor=129.138.12.137
check software interlocks V
interlocks []
actuate state mode=None-script, software_lock=False
doing actuation None-script open_channel False
Open V ===>> OK
GetIndicatorState V ===>> OK
change switch state (True, True)
update switch state V True args=() kw={} ncanvase=2
14:03:45 -- OPEN   VALVE-V (Felix Ion Pump)
-------------------------- open None (Felix Ion Pump) result=[(True, True)]
action=open, ok=True, locked=[False]
close () {'description': 'Bone to Minibone'}
close name=--- desc=Bone to Minibone
checking ownership. requestor=129.138.12.137
check software interlocks E
interlocks []
actuate state mode=None-script, software_lock=False
doing actuation None-script close_channel False
Close E ===>> OK
GetIndicatorState E ===>> False
change switch state (True, True)
update switch state E False args=() kw={} ncanvase=2
14:03:46 -- CLOSE  VALVE-E (Bone to Minibone)
-------------------------- close None (Bone to Minibone) result=[(True, True)]
action=close, ok=True, locked=[False]
open () {'description': 'Bone to Getter GP-50'}
open name=--- desc=Bone to Getter GP-50
checking ownership. requestor=129.138.12.137
check software interlocks N
interlocks []
actuate state mode=None-script, software_lock=False
doing actuation None-script open_channel False
Open N ===>> OK
GetIndicatorState N ===>> OK
change switch state (True, True)
update switch state N True args=() kw={} ncanvase=2
14:03:46 -- OPEN   VALVE-N (Bone to Getter GP-50)
-------------------------- open None (Bone to Getter GP-50) result=[(True, True)]
action=open, ok=True, locked=[False]
close () {'description': 'Bone to CO2 Laser'}
close name=--- desc=Bone to CO2 Laser
checking ownership. requestor=129.138.12.137
check software interlocks D
interlocks []
actuate state mode=None-script, software_lock=False
doing actuation None-script close_channel True
Close D ===>> OK
GetIndicatorState D ===>> False
change switch state (True, True)
update switch state D False args=() kw={} ncanvase=2
14:03:46 -- CLOSE  VALVE-D (Bone to CO2 Laser)
-------------------------- close None (Bone to CO2 Laser) result=[(True, True)]
action=close, ok=True, locked=[False]
open () {'description': 'Bone to Diode Laser'}
open name=--- desc=Bone to Diode Laser
checking ownership. requestor=129.138.12.137
check software interlocks B
interlocks []
actuate state mode=None-script, software_lock=False
doing actuation None-script open_channel False
Open B ===>> OK
GetIndicatorState B ===>> OK
change switch state (True, True)
update switch state B True args=() kw={} ncanvase=2
14:03:47 -- OPEN   VALVE-B (Bone to Diode Laser)
-------------------------- open None (Bone to Diode Laser) result=[(True, True)]
action=open, ok=True, locked=[False]
executed snippet estimated_duration=0, duration=2.60808610916
PrepareForDiodeAnalysis.py completed successfully
gosub finished
doing GOSUB
testing...
no interpolation path defined
executed snippet estimated_duration=0, duration=3.50475311279e-05
Isolate coldfinger
close () {'name': 'B', 'description': 'Bone to Diode Laser'}
close name=B desc=Bone to Diode Laser
checking ownership. requestor=129.138.12.137
check software interlocks B
interlocks []
actuate state mode=None-script, software_lock=False
doing actuation None-script close_channel True
Close B ===>> OK
GetIndicatorState B ===>> False
change switch state (True, True)
update switch state B False args=() kw={} ncanvase=2
14:03:47 -- CLOSE  VALVE-B (Bone to Diode Laser)
-------------------------- close B (Bone to Diode Laser) result=[(True, True)]
action=close, ok=True, locked=[False]
executed snippet estimated_duration=0, duration=0.43289899826
IsolateDiodeColdfinger.py completed successfully
gosub finished
open () {'description': 'Bone to Turbo'}
open name=--- desc=Bone to Turbo
checking ownership. requestor=129.138.12.137
check software interlocks C
interlocks []
actuate state mode=None-script, software_lock=False
doing actuation None-script open_channel False
Open C ===>> OK
GetIndicatorState C ===>> OK
change switch state (True, True)
update switch state C True args=() kw={} ncanvase=2
14:03:48 -- OPEN   VALVE-C (Bone to Turbo)
-------------------------- open None (Bone to Turbo) result=[(True, True)]
action=open, ok=True, locked=[False]
Diodelaser enabled. Heating sample.
enable () {}
set extraction state FusionsDiode Enabled (False, 'red', 1.5)
enabling laser
Enable ===>> OK
move_to_position ('42',) {}
FusionsDiode move to position 42
sending GoToHole 42,True
GoToHole 42,True ===>> OK
GetDriveMoving ===>> False
GetDriveMoving ===>> False
Block completed
GetAutoCorrecting ===>> False
GetAutoCorrecting ===>> False
Block completed
update position
GetPosition ===>> 7.44220,-3.72110,9.00000
got position (7.4422, -3.7211, 9.0)
move to position succeeded
BEGIN INTERVAL Interval 1 waiting for 40.0
block started
set extract to 3.5 (watts)
WaitControl setup for 40.0  
extract () {}
GetPosition ===>> 7.44220,-3.72110,9.00000
set extraction state FusionsDiode ON! 3.5(watts) (0.75, 'red', 1.5)
extract sample to 3.5 (watts)
set laser output
SetLaserOutput 3.5,watts ===>> OK
sleep (2,) {}
SLEEP 2.0
block started
WaitControl setup for 2.0  
Join finished
block finished. duration 2.05771589279
COMPLETE INTERVAL waiting for Interval 1 to complete
Join finished
block finished. duration 40.2320251465
Interval 1 finished
Diode laser disabled.
disable () {}
%%%%%%%%%%%%%%%%%%%%%%%%%%%%%%%%%%% disable
set extraction state False (0.75, 'red', 1.5)
disabling laser
Disable ===>> OK
doing GOSUB
testing...
no interpolation path defined
executed snippet estimated_duration=42.0, duration=0.000140905380249
Equilibrate then isolate coldfinger
close () {'name': 'C', 'description': 'Bone to Turbo'}
close name=C desc=Bone to Turbo
checking ownership. requestor=129.138.12.137
check software interlocks C
interlocks []
actuate state mode=None-script, software_lock=False
doing actuation None-script close_channel True
Close C ===>> OK
GetIndicatorState C ===>> False
change switch state (True, True)
update switch state C False args=() kw={} ncanvase=2
14:04:32 -- CLOSE  VALVE-C (Bone to Turbo)
-------------------------- close C (Bone to Turbo) result=[(True, True)]
action=close, ok=True, locked=[False]
sleep (1,) {}
SLEEP 1.0
open () {'name': 'B', 'description': 'Bone to Diode Laser'}
open name=B desc=Bone to Diode Laser
checking ownership. requestor=129.138.12.137
check software interlocks B
interlocks []
actuate state mode=None-script, software_lock=False
doing actuation None-script open_channel True
Open B ===>> OK
GetIndicatorState B ===>> OK
change switch state (True, True)
update switch state B True args=() kw={} ncanvase=2
14:04:33 -- OPEN   VALVE-B (Bone to Diode Laser)
-------------------------- open B (Bone to Diode Laser) result=[(True, True)]
action=open, ok=True, locked=[False]
sleep (20,) {}
SLEEP 20.0
block started
WaitControl setup for 20.0  
Join finished
block finished. duration 20.1222951412
close () {'name': 'B', 'description': 'Bone to Diode Laser'}
close name=B desc=Bone to Diode Laser
checking ownership. requestor=129.138.12.137
check software interlocks B
interlocks []
actuate state mode=None-script, software_lock=False
doing actuation None-script close_channel True
Close B ===>> OK
GetIndicatorState B ===>> False
change switch state (True, True)
update switch state B False args=() kw={} ncanvase=2
14:04:54 -- CLOSE  VALVE-B (Bone to Diode Laser)
-------------------------- close B (Bone to Diode Laser) result=[(True, True)]
action=close, ok=True, locked=[False]
executed snippet estimated_duration=63.0, duration=22.5049209595
EquilibrateThenIsolateDiodeColdfinger.py completed successfully
gosub finished
sleep (60.0,) {}
SLEEP 60.0
block started
WaitControl setup for 60.0  
set states for children of O. state=True
handle state [('O', True)]
update switch state O True args=() kw={'refresh': False} ncanvase=2
refresh_canvas_needed fired
Join finished
block finished. duration 60.3480930328
executed snippet estimated_duration=344.0, duration=129.778548956
felix_diode.py completed successfully
GetAchievedOutput ===>> No Response
Requested Output= 0.000
Achieved Output=  0.000
GetResponseBlob ===>> X[28][178]N[00][00][00][00] [242][207]=[00][00][250]D[157][184][06]@[00][00][250]DRT[131]@[00][00...
GetOutputBlob ===>> X[28][178]N[00][00][00][00] [242][207]=[208]L[161]A[157][184][06]@[00][00][00][00]RT[131]@[00][00...
persistence save...
persistence save - db
AutomatedRunPersister post_extraction_save deprecated
persistence save - dvc
no extraction position for 42
Extraction Finished
14:05:54 -- ******* Extraction Finished *******
no overlap. not waiting for min ms pumptime
14:05:54 -- Sending spectrometer configuration
======== Sending configuration ========
SetZFocus 9.84 ===>> OK
SetHV 9000.0 ===>> OK
SetZSymmetry 18.34 ===>> OK
SetExtractionLens 42.35 ===>> OK
SetIonRepeller -4.08 ===>> OK
SetElectronEnergy 107.0 ===>> OK
SetYSymmetry 12.72 ===>> OK
send trap current 400.0
GetParameter Trap Current Readback ===>> 399.203076359641
SetParameter Trap Current Set,400.0 ===>> OK
updating mftable name argon
Using mftable located at /Users/obama/PychronDev/setupfiles/spectrometer/mftables/argon.csv
============ MFtable ===========
Isotope  H2     H1     AX     L1     L2     L2(CDD)
Ar40     3.4924 3.5636 3.6379 3.7148 3.8107 3.7973
Ar39     3.4234 3.4937 3.5665 3.6448 3.7358 3.7221
Ar36     3.2133 3.2795 3.3479 3.4197 3.5164 3.4937
================================
get initial guess parabolic
get initial guess parabolic
get initial guess parabolic
get initial guess parabolic
get initial guess parabolic
get initial guess parabolic
======== Configuration Finished ========
GetYSymmetry ===>> 12.72
GetZSymmetry ===>> 18.34
GetParameter Trap Current Readback ===>> 396.853506683758
GetHighVoltage ===>> 9000
start measurement
do measurement
L#=65497 analysis type=unknown
Measurement Started felix_analysis400_120.py
14:05:55 -- ******* Measurement Started felix_analysis400_120.py *******
state changed from extraction to measurement
setting spec, defl, and gains
GetExtractionLens ===>> 42.35
GetYSymmetry ===>> 12.72
GetZSymmetry ===>> 18.34
GetZFocus ===>> 9.84
GetDeflection H2 (CDD) ===>> 3250
GetDeflection H1 (CDD) ===>> 3250
GetDeflection AX (CDD) ===>> 3250
GetDeflection L1 (CDD) ===>> 3250
GetDeflection L2 (CDD) ===>> 0
GetGain H2 ===>> 0.9809305
GetGain H1 ===>> 0.96484
GetGain AX ===>> 0.96253
GetGain L1 ===>> 0.970094835296087
GetGain L2 ===>> 0.967359864778375
GetGain H2(CDD) ===>> 0
GetGain H1(CDD) ===>> 0
GetGain AX(CDD) ===>> 0
GetGain L1(CDD) ===>> 0
GetGain L2(CDD) ===>> 0
pre measurement save
New frame /Users/obama/PychronDev/data/isotopes/87/2c19bd-6145-4b47-a031-e60b656d8bcd.h5
flush and close file /Users/obama/PychronDev/data/isotopes/87/2c19bd-6145-4b47-a031-e60b656d8bcd.h5
testing...
no interpolation path defined
executed snippet estimated_duration=650.242112, duration=0.000248908996582
unknown measurement script
activate_detectors ('H2', 'H1', 'AX', 'L1', 'L2(CDD)') {}
activate detectors
*************** Set Analysis View Ar/Ar
create graphs
clearing graphs
clear isotope group
setting isotope det=H2, iso=Ar40
setting isotope det=H1, iso=Ar39
setting isotope det=AX, iso=Ar38
setting isotope det=L1, iso=Ar37
setting isotope det=L2(CDD), iso=Ar36
setting previous blanks
 - setting Ar40 blank 0.396+/-0.019
 - setting Ar36 blank 0.00097+/-0.00015
 - setting Ar37 blank 0.020+/-0.012
 - setting Ar38 blank -0.002+/-0.012
 - setting Ar39 blank 0.001+/-0.021
load analysis view
position_magnet ('Ar40',) {'detector': 'H2'}
detector Detector(H2)
POSITION Ar40 H2
setting detector H2 to Ar40 (39.9624)
setting detector H1 to Ar39 (38.8624)
setting detector AX to Ar38 (37.9624)
setting detector L1 to Ar37 (36.9624)
setting detector L2 to Ar36 (35.8624)
setting detector H2(CDD) to Ar40 (39.8624)
setting detector H1(CDD) to Ar39 (38.8624)
setting detector AX(CDD) to Ar38 (37.8624)
setting detector L1(CDD) to Ar37 (36.8624)
setting detector L2(CDD) to Ar36 (35.9624)
Mapping mass to dac mass func: "parabolic"
H2 map mass coeffs = [ -2.38925034e-04   8.80081338e-02   3.56945459e-01]
H2 map mass to dac 39.9624 >> 3.4924
GetHighVoltage ===>> 9000
positioning Ar40 (3.4924) on H2
setting magnet DAC
current  : 3.485479
requested: 3.492400
Delta Dac: 0.006921
Checking detector protection. dv=0.00692
SetMagnetDAC 3.4924 ===>> OK
Magnet settling time: 0.500
set_dac. change=True
update labels <pychron.experiment.plot_panel.PlotPanel object at 0x190948050>
update labels "<pychron.graph.stacked_regression_graph.StackedRegressionGraph object at 0x1863d9cb0>"
setting label 0 H2 Ar40
setting label 1 H1 Ar39
setting label 2 AX Ar38
setting label 3 L1 Ar37
equilibrate () {'delay': 3, 'inlet': 'H', 'outlet': 'V', 'eqtime': 25.0}
setting label 4 L2(CDD) Ar36
Equilibration Started
update labels "<pychron.graph.stacked_graph.StackedGraph object at 0x1c92c9950>"
14:05:56 -- ******* Equilibration Started *******
setting label 0 H2 Ar40
setting label 1 H1 Ar39
setting label 2 AX Ar38
checking ownership. requestor=129.138.12.137
setting label 3 L1 Ar37
check software interlocks V
setting label 4 L2(CDD) Ar36
interlocks []
actuate state mode=None-script, software_lock=False
doing actuation None-script close_channel True
Close V ===>> OK
GetIndicatorState V ===>> False
change switch state (True, True)
update switch state V False args=() kw={} ncanvase=2
14:05:56 -- CLOSE  VALVE-V (Felix Ion Pump)
waiting 3s before opening inlet value ('H',)
checking ownership. requestor=129.138.12.137
check software interlocks H
interlocks []
actuate state mode=None-script, software_lock=False
doing actuation None-script open_channel True
Open H ===>> OK
GetIndicatorState H ===>> OK
change switch state (True, True)
update switch state H True args=() kw={} ncanvase=2
14:05:59 -- OPEN   VALVE-H (Felix Inlet)
set_time_zero () {}
equilibrating for 25.0sec
sniff (25.0,) {}
py_sniff
build tables- sniff [Detector(H2), Detector(H1), Detector(AX), Detector(L1), Detector(L2(CDD))]
add group /sniff/Ar40 (Group) '' table H2
add group /sniff/Ar39 (Group) '' table H1
add group /sniff/Ar38 (Group) '' table AX
add group /sniff/Ar37 (Group) '' table L1
add group /sniff/Ar36 (Group) '' table L2(CDD)
flush and close file /Users/obama/PychronDev/data/isotopes/87/2c19bd-6145-4b47-a031-e60b656d8bcd.h5
measuring sniff. ncounts=25.0
"sniff" increment series count="1" fit count="0" regressing="False"
starting measurement
Equilibration Finished
14:06:25 -- ******* Equilibration Finished *******
checking ownership. requestor=129.138.12.137
check software interlocks H
interlocks []
actuate state mode=None-script, software_lock=False
doing actuation None-script close_channel True
Close H ===>> OK
GetIndicatorState H ===>> False
change switch state (True, True)
update switch state H False args=() kw={} ncanvase=2
14:06:25 -- CLOSE  VALVE-H (Felix Inlet)
Post Equilibration Started felix_pump_extraction_line.py
14:06:25 -- ******* Post Equilibration Started felix_pump_extraction_line.py *******
testing...
no interpolation path defined
calculate duration
testing...
no interpolation path defined
executed snippet estimated_duration=4.0, duration=0.000255107879639
executed snippet estimated_duration=4.0, duration=0.00177192687988
Pump after analysis
doing GOSUB
testing...
no interpolation path defined
executed snippet estimated_duration=4.0, duration=0.000195026397705
Pump Bone
close () {'description': 'Felix Inlet'}
close name=--- desc=Felix Inlet
checking ownership. requestor=129.138.12.137
check software interlocks H
interlocks []
actuate state mode=None-script, software_lock=False
doing actuation None-script close_channel False
Close H ===>> OK
GetIndicatorState H ===>> False
change switch state (True, True)
update switch state H False args=() kw={} ncanvase=2
14:06:25 -- CLOSE  VALVE-H (Felix Inlet)
-------------------------- close None (Felix Inlet) result=[(True, True)]
action=close, ok=True, locked=[False]
is_closed ('A',) {}
is A () closed?
is closed False
close () {'description': 'CO2 Laser to Bone'}
close name=--- desc=CO2 Laser to Bone
checking ownership. requestor=129.138.12.137
check software interlocks F
interlocks []
actuate state mode=None-script, software_lock=True
VALVE-F(CO2 Laser to Bone) software locked
change switch state (True, False)
-------------------------- close None (CO2 Laser to Bone) result=[(True, False)]
action=close, ok=True, locked=[True]
sleep (1,) {}
SLEEP 1.0
14:06:25 -- collecting point 25
close () {'description': 'CO2 Laser to Roughing'}
close name=--- desc=CO2 Laser to Roughing
checking ownership. requestor=129.138.12.137
check software interlocks G
interlocks []
actuate state mode=None-script, software_lock=True
VALVE-G(CO2 Laser to Roughing) software locked
change switch state (True, False)
-------------------------- close None (CO2 Laser to Roughing) result=[(True, False)]
action=close, ok=True, locked=[True]
open () {'description': 'Bone to Turbo'}
open name=--- desc=Bone to Turbo
checking ownership. requestor=129.138.12.137
check software interlocks C
interlocks []
actuate state mode=None-script, software_lock=False
doing actuation None-script open_channel True
Open C ===>> OK
waiting for write to finish
GetIndicatorState C ===>> OK
change switch state (True, True)
update switch state C True args=() kw={} ncanvase=2
14:06:26 -- OPEN   VALVE-C (Bone to Turbo)
-------------------------- open None (Bone to Turbo) result=[(True, True)]
measurement finished
estimated time: 26.214 actual time: :26.422
flush and close file /Users/obama/PychronDev/data/isotopes/87/2c19bd-6145-4b47-a031-e60b656d8bcd.h5
set_fits () {}
using default fits file=/Users/obama/PychronDev/scripts/measurement/fits/nominal.yaml
set "Ar40" to "('Parabolic', 'SEM')"
set "Ar36" to "('Parabolic', 'SEM')"
set "Ar37" to "('linear', 'SEM')"
set "Ar38" to "('linear', 'SEM')"
set "Ar39" to "('Parabolic', 'SEM')"
set_baseline_fits () {}
using default fits file=/Users/obama/PychronDev/scripts/measurement/fits/nominal.yaml
set "H2" to "('average', 'SEM')"
set "L2(CDD)" to "('average', 'SEM')"
set "L1" to "('average', 'SEM')"
set "AX" to "('average', 'SEM')"
set "H1" to "('average', 'SEM')"
multicollect () {'integration_time': 1.048576, 'ncounts': 400}
build tables- signal [Detector(H2), Detector(H1), Detector(AX), Detector(L1), Detector(L2(CDD))]
add group /signal/Ar40 (Group) '' table H2
add group /signal/Ar39 (Group) '' table H1
add group /signal/Ar38 (Group) '' table AX
add group /signal/Ar37 (Group) '' table L1
add group /signal/Ar36 (Group) '' table L2(CDD)
flush and close file /Users/obama/PychronDev/data/isotopes/87/2c19bd-6145-4b47-a031-e60b656d8bcd.h5
measuring signal. ncounts=400
action=open, ok=True, locked=[False]
open () {'description': 'Bone to Getter GP-50'}
open name=--- desc=Bone to Getter GP-50
checking ownership. requestor=129.138.12.137
check software interlocks N
interlocks []
actuate state mode=None-script, software_lock=False
doing actuation None-script open_channel False
Open N ===>> OK
"signal" increment series count="2" fit count="1" regressing="True"
GetIndicatorState N ===>> OK
change switch state (True, True)
update switch state N True args=() kw={} ncanvase=2
14:06:27 -- OPEN   VALVE-N (Bone to Getter GP-50)
-------------------------- open None (Bone to Getter GP-50) result=[(True, True)]
action=open, ok=True, locked=[False]
open () {'description': 'Bone to Diode Laser'}
open name=--- desc=Bone to Diode Laser
checking ownership. requestor=129.138.12.137
check software interlocks B
interlocks []
actuate state mode=None-script, software_lock=False
doing actuation None-script open_channel True
starting measurement
Open B ===>> OK
set states for children of B. state=True
handle state [('B', True)]
update switch state B True args=() kw={'refresh': False} ncanvase=2
GetIndicatorState B ===>> OK
change switch state (True, True)
update switch state B True args=() kw={} ncanvase=2
14:06:27 -- OPEN   VALVE-B (Bone to Diode Laser)
-------------------------- open None (Bone to Diode Laser) result=[(True, True)]
refresh_canvas_needed fired
action=open, ok=True, locked=[False]
open () {'description': 'Bone to CO2 Laser'}
open name=--- desc=Bone to CO2 Laser
checking ownership. requestor=129.138.12.137
check software interlocks D
interlocks []
actuate state mode=None-script, software_lock=False
doing actuation None-script open_channel True
Open D ===>> OK
GetIndicatorState D ===>> OK
change switch state (True, True)
update switch state D True args=() kw={} ncanvase=2
14:06:28 -- OPEN   VALVE-D (Bone to CO2 Laser)
-------------------------- open None (Bone to CO2 Laser) result=[(True, True)]
action=open, ok=True, locked=[False]
sleep (1,) {}
SLEEP 1.0
set_resource () {'name': 'CO2PumpTimeFlag', 'value': 30}
Set CO2PumpTimeFlag 30 ===>> OK
release ('FelixCO2Flag',) {}
release FelixCO2Flag
Set FelixCO2Flag 0 ===>> OK
executed snippet estimated_duration=6.0, duration=4.28810310364
PumpBone.py completed successfully
gosub finished
get_resource_value () {'name': 'FelixMiniboneFlag'}
Read FelixMiniboneFlag ===>> 0
Get Resource Value FelixMiniboneFlag=0.0
executed snippet estimated_duration=4.0, duration=4.2955391407
felix_pump_extraction_line.py completed successfully
Post Equilibration Finished
14:06:29 -- ******* Post Equilibration Finished *******
GetDeflection L2 (CDD) ===>> 0
testing L2_CDD_==3250
evaluate ot="L2(CDD).deflection==3250" t="L2_CDD_==3250", ctx="{'L2_CDD_': 0.0}"
GetDeflection L2 (CDD) ===>> 0
testing L2_CDD_==3250
evaluate ot="L2(CDD).deflection==3250" t="L2_CDD_==3250", ctx="{'L2_CDD_': 0.0}"
14:06:52 -- collecting point 25
GetDeflection L2 (CDD) ===>> 0
testing L2_CDD_==3250
evaluate ot="L2(CDD).deflection==3250" t="L2_CDD_==3250", ctx="{'L2_CDD_': 0.0}"
set states for children of U. state=False
handle state [('U', False)]
update switch state U False args=() kw={'refresh': False} ncanvase=2
refresh_canvas_needed fired
GetDeflection L2 (CDD) ===>> 0
testing L2_CDD_==3250
evaluate ot="L2(CDD).deflection==3250" t="L2_CDD_==3250", ctx="{'L2_CDD_': 0.0}"
14:07:19 -- collecting point 50
GetDeflection L2 (CDD) ===>> 0
testing L2_CDD_==3250
evaluate ot="L2(CDD).deflection==3250" t="L2_CDD_==3250", ctx="{'L2_CDD_': 0.0}"
GetDeflection L2 (CDD) ===>> 0
testing L2_CDD_==3250
evaluate ot="L2(CDD).deflection==3250" t="L2_CDD_==3250", ctx="{'L2_CDD_': 0.0}"
GetDeflection L2 (CDD) ===>> 0
testing L2_CDD_==3250
evaluate ot="L2(CDD).deflection==3250" t="L2_CDD_==3250", ctx="{'L2_CDD_': 0.0}"
14:07:45 -- collecting point 75
GetDeflection L2 (CDD) ===>> 0
testing L2_CDD_==3250
evaluate ot="L2(CDD).deflection==3250" t="L2_CDD_==3250", ctx="{'L2_CDD_': 0.0}"
GetDeflection L2 (CDD) ===>> 0
testing L2_CDD_==3250
evaluate ot="L2(CDD).deflection==3250" t="L2_CDD_==3250", ctx="{'L2_CDD_': 0.0}"
14:08:11 -- collecting point 100
set states for children of O. state=False
handle state [('O', False)]
update switch state O False args=() kw={'refresh': False} ncanvase=2
refresh_canvas_needed fired
GetDeflection L2 (CDD) ===>> 0
testing L2_CDD_==3250
evaluate ot="L2(CDD).deflection==3250" t="L2_CDD_==3250", ctx="{'L2_CDD_': 0.0}"
set states for children of R. state=True
handle state [('R', True)]
update switch state R True args=() kw={'refresh': False} ncanvase=2
refresh_canvas_needed fired
GetDeflection L2 (CDD) ===>> 0
testing L2_CDD_==3250
evaluate ot="L2(CDD).deflection==3250" t="L2_CDD_==3250", ctx="{'L2_CDD_': 0.0}"
set states for children of R. state=False
handle state [('R', False)]
update switch state R False args=() kw={'refresh': False} ncanvase=2
refresh_canvas_needed fired
set states for children of U. state=True
handle state [('U', True)]
update switch state U True args=() kw={'refresh': False} ncanvase=2
refresh_canvas_needed fired
GetDeflection L2 (CDD) ===>> 0
testing L2_CDD_==3250
evaluate ot="L2(CDD).deflection==3250" t="L2_CDD_==3250", ctx="{'L2_CDD_': 0.0}"
14:08:38 -- collecting point 125
GetDeflection L2 (CDD) ===>> 0
testing L2_CDD_==3250
evaluate ot="L2(CDD).deflection==3250" t="L2_CDD_==3250", ctx="{'L2_CDD_': 0.0}"
GetDeflection L2 (CDD) ===>> 0
testing L2_CDD_==3250
evaluate ot="L2(CDD).deflection==3250" t="L2_CDD_==3250", ctx="{'L2_CDD_': 0.0}"
14:09:04 -- collecting point 150
GetDeflection L2 (CDD) ===>> 0
testing L2_CDD_==3250
evaluate ot="L2(CDD).deflection==3250" t="L2_CDD_==3250", ctx="{'L2_CDD_': 0.0}"
GetDeflection L2 (CDD) ===>> 0
testing L2_CDD_==3250
evaluate ot="L2(CDD).deflection==3250" t="L2_CDD_==3250", ctx="{'L2_CDD_': 0.0}"
GetDeflection L2 (CDD) ===>> 0
testing L2_CDD_==3250
evaluate ot="L2(CDD).deflection==3250" t="L2_CDD_==3250", ctx="{'L2_CDD_': 0.0}"
14:09:30 -- collecting point 175
GetDeflection L2 (CDD) ===>> 0
testing L2_CDD_==3250
evaluate ot="L2(CDD).deflection==3250" t="L2_CDD_==3250", ctx="{'L2_CDD_': 0.0}"
GetDeflection L2 (CDD) ===>> 0
testing L2_CDD_==3250
evaluate ot="L2(CDD).deflection==3250" t="L2_CDD_==3250", ctx="{'L2_CDD_': 0.0}"
14:09:57 -- collecting point 200
GetDeflection L2 (CDD) ===>> 0
testing L2_CDD_==3250
evaluate ot="L2(CDD).deflection==3250" t="L2_CDD_==3250", ctx="{'L2_CDD_': 0.0}"
GetDeflection L2 (CDD) ===>> 0
testing L2_CDD_==3250
evaluate ot="L2(CDD).deflection==3250" t="L2_CDD_==3250", ctx="{'L2_CDD_': 0.0}"
GetDeflection L2 (CDD) ===>> 0
testing L2_CDD_==3250
evaluate ot="L2(CDD).deflection==3250" t="L2_CDD_==3250", ctx="{'L2_CDD_': 0.0}"
14:10:23 -- collecting point 225
GetDeflection L2 (CDD) ===>> 0
testing L2_CDD_==3250
evaluate ot="L2(CDD).deflection==3250" t="L2_CDD_==3250", ctx="{'L2_CDD_': 0.0}"
GetDeflection L2 (CDD) ===>> 0
testing L2_CDD_==3250
evaluate ot="L2(CDD).deflection==3250" t="L2_CDD_==3250", ctx="{'L2_CDD_': 0.0}"
14:10:49 -- collecting point 250
GetDeflection L2 (CDD) ===>> 0
testing L2_CDD_==3250
evaluate ot="L2(CDD).deflection==3250" t="L2_CDD_==3250", ctx="{'L2_CDD_': 0.0}"
GetDeflection L2 (CDD) ===>> 0
testing L2_CDD_==3250
evaluate ot="L2(CDD).deflection==3250" t="L2_CDD_==3250", ctx="{'L2_CDD_': 0.0}"
GetDeflection L2 (CDD) ===>> 0
testing L2_CDD_==3250
evaluate ot="L2(CDD).deflection==3250" t="L2_CDD_==3250", ctx="{'L2_CDD_': 0.0}"
14:11:16 -- collecting point 275
GetDeflection L2 (CDD) ===>> 0
testing L2_CDD_==3250
evaluate ot="L2(CDD).deflection==3250" t="L2_CDD_==3250", ctx="{'L2_CDD_': 0.0}"
GetDeflection L2 (CDD) ===>> 0
testing L2_CDD_==3250
evaluate ot="L2(CDD).deflection==3250" t="L2_CDD_==3250", ctx="{'L2_CDD_': 0.0}"
14:11:42 -- collecting point 300
GetDeflection L2 (CDD) ===>> 0
testing L2_CDD_==3250
evaluate ot="L2(CDD).deflection==3250" t="L2_CDD_==3250", ctx="{'L2_CDD_': 0.0}"
GetDeflection L2 (CDD) ===>> 0
testing L2_CDD_==3250
evaluate ot="L2(CDD).deflection==3250" t="L2_CDD_==3250", ctx="{'L2_CDD_': 0.0}"
GetDeflection L2 (CDD) ===>> 0
testing L2_CDD_==3250
evaluate ot="L2(CDD).deflection==3250" t="L2_CDD_==3250", ctx="{'L2_CDD_': 0.0}"
14:12:08 -- collecting point 325
GetDeflection L2 (CDD) ===>> 0
testing L2_CDD_==3250
evaluate ot="L2(CDD).deflection==3250" t="L2_CDD_==3250", ctx="{'L2_CDD_': 0.0}"
GetDeflection L2 (CDD) ===>> 0
testing L2_CDD_==3250
evaluate ot="L2(CDD).deflection==3250" t="L2_CDD_==3250", ctx="{'L2_CDD_': 0.0}"
14:12:34 -- collecting point 350
GetDeflection L2 (CDD) ===>> 0
testing L2_CDD_==3250
evaluate ot="L2(CDD).deflection==3250" t="L2_CDD_==3250", ctx="{'L2_CDD_': 0.0}"
GetDeflection L2 (CDD) ===>> 0
testing L2_CDD_==3250
evaluate ot="L2(CDD).deflection==3250" t="L2_CDD_==3250", ctx="{'L2_CDD_': 0.0}"
GetDeflection L2 (CDD) ===>> 0
testing L2_CDD_==3250
evaluate ot="L2(CDD).deflection==3250" t="L2_CDD_==3250", ctx="{'L2_CDD_': 0.0}"
14:13:01 -- collecting point 375
set states for children of O. state=True
handle state [('O', True)]
update switch state O True args=() kw={'refresh': False} ncanvase=2
refresh_canvas_needed fired
GetDeflection L2 (CDD) ===>> 0
testing L2_CDD_==3250
evaluate ot="L2(CDD).deflection==3250" t="L2_CDD_==3250", ctx="{'L2_CDD_': 0.0}"
GetDeflection L2 (CDD) ===>> 0
testing L2_CDD_==3250
evaluate ot="L2(CDD).deflection==3250" t="L2_CDD_==3250", ctx="{'L2_CDD_': 0.0}"
14:13:27 -- collecting point 400
waiting for write to finish
measurement finished
estimated time: 419.430 actual time: :421.123
flush and close file /Users/obama/PychronDev/data/isotopes/87/2c19bd-6145-4b47-a031-e60b656d8bcd.h5
baselines () {'settling_time': 15.0, 'detector': 'H2', 'mass': 39.862, 'ncounts': 120}
%%%%%%%%%%%%%%%%%%%%%%%%%%%%%%%% Baseline
build tables- baseline [Detector(H2), Detector(H1), Detector(AX), Detector(L1), Detector(L2(CDD))]
add group baseline table H2
add group baseline table H1
add group baseline table AX
add group baseline table L1
add group baseline table L2(CDD)
flush and close file /Users/obama/PychronDev/data/isotopes/87/2c19bd-6145-4b47-a031-e60b656d8bcd.h5
detector Detector(H2)
POSITION 39.862 H2
Mapping mass to dac mass func: "parabolic"
H2 map mass coeffs = [ -2.38925034e-04   8.80081338e-02   3.56945459e-01]
H2 map mass to dac 39.862 >> 3.48547881693
GetHighVoltage ===>> 9000
positioning 39.862 (3.48547881693) on H2
setting magnet DAC
current  : 3.492400
requested: 3.485479
Delta Dac: 0.006921
Checking detector protection. dv=0.00692
SetMagnetDAC 3.48547881693 ===>> OK
Magnet settling time: 0.500
set_dac. change=True
Delaying 15.0s for detectors to settle
Join finished
measuring baseline. ncounts=120
"baseline" increment series count="2" fit count="1" regressing="True"
starting measurement
GetDeflection L2 (CDD) ===>> 0
testing L2_CDD_==3250
evaluate ot="L2(CDD).deflection==3250" t="L2_CDD_==3250", ctx="{'L2_CDD_': 0.0}"
GetDeflection L2 (CDD) ===>> 0
testing L2_CDD_==3250
evaluate ot="L2(CDD).deflection==3250" t="L2_CDD_==3250", ctx="{'L2_CDD_': 0.0}"
14:14:10 -- collecting point 25
GetDeflection L2 (CDD) ===>> 0
testing L2_CDD_==3250
evaluate ot="L2(CDD).deflection==3250" t="L2_CDD_==3250", ctx="{'L2_CDD_': 0.0}"
set states for children of U. state=False
handle state [('U', False)]
update switch state U False args=() kw={'refresh': False} ncanvase=2
refresh_canvas_needed fired
GetDeflection L2 (CDD) ===>> 0
testing L2_CDD_==3250
evaluate ot="L2(CDD).deflection==3250" t="L2_CDD_==3250", ctx="{'L2_CDD_': 0.0}"
14:14:36 -- collecting point 50
GetDeflection L2 (CDD) ===>> 0
testing L2_CDD_==3250
evaluate ot="L2(CDD).deflection==3250" t="L2_CDD_==3250", ctx="{'L2_CDD_': 0.0}"
GetDeflection L2 (CDD) ===>> 0
testing L2_CDD_==3250
evaluate ot="L2(CDD).deflection==3250" t="L2_CDD_==3250", ctx="{'L2_CDD_': 0.0}"
GetDeflection L2 (CDD) ===>> 0
testing L2_CDD_==3250
evaluate ot="L2(CDD).deflection==3250" t="L2_CDD_==3250", ctx="{'L2_CDD_': 0.0}"
14:15:02 -- collecting point 75
GetDeflection L2 (CDD) ===>> 0
testing L2_CDD_==3250
evaluate ot="L2(CDD).deflection==3250" t="L2_CDD_==3250", ctx="{'L2_CDD_': 0.0}"
GetDeflection L2 (CDD) ===>> 0
testing L2_CDD_==3250
evaluate ot="L2(CDD).deflection==3250" t="L2_CDD_==3250", ctx="{'L2_CDD_': 0.0}"
set states for children of O. state=False
handle state [('O', False)]
update switch state O False args=() kw={'refresh': False} ncanvase=2
refresh_canvas_needed fired
14:15:29 -- collecting point 100
set states for children of R. state=True
handle state [('R', True)]
update switch state R True args=() kw={'refresh': False} ncanvase=2
refresh_canvas_needed fired
GetDeflection L2 (CDD) ===>> 0
testing L2_CDD_==3250
evaluate ot="L2(CDD).deflection==3250" t="L2_CDD_==3250", ctx="{'L2_CDD_': 0.0}"
set states for children of R. state=False
handle state [('R', False)]
update switch state R False args=() kw={'refresh': False} ncanvase=2
refresh_canvas_needed fired
GetDeflection L2 (CDD) ===>> 0
testing L2_CDD_==3250
evaluate ot="L2(CDD).deflection==3250" t="L2_CDD_==3250", ctx="{'L2_CDD_': 0.0}"
set states for children of U. state=True
handle state [('U', True)]
update switch state U True args=() kw={'refresh': False} ncanvase=2
refresh_canvas_needed fired
waiting for write to finish
measurement finished
estimated time: 125.829 actual time: :126.345
flush and close file /Users/obama/PychronDev/data/isotopes/87/2c19bd-6145-4b47-a031-e60b656d8bcd.h5
activate_detectors ('H1', 'L2(CDD)') {'peak_center': True}
peak_center () {'detector': 'H2', 'integration_time': 1.048576, 'isotope': 'Ar40'}
peak center: mean=3.81398645776 threshold=100.0
Skipping peak center. intensities to small. 3.81398645776<100.0
finished measure script
executed snippet estimated_duration=650.242112, duration=596.126044035
felix_analysis400_120.py completed successfully
Measurement Finished
14:15:51 -- ******* Measurement Finished *******
Post Measurement Started felix_pump_ms.py
14:15:51 -- ******* Post Measurement Started felix_pump_ms.py *******
testing...
no interpolation path defined
executed snippet estimated_duration=0, duration=3.79085540771e-05
Pumping spectrometer
open () {'name': 'V'}
open name=V desc=---
checking ownership. requestor=129.138.12.137
check software interlocks V
interlocks []
actuate state mode=None-script, software_lock=False
doing actuation None-script open_channel True
Open V ===>> OK
GetIndicatorState V ===>> OK
change switch state (True, True)
update switch state V True args=() kw={} ncanvase=2
14:15:51 -- OPEN   VALVE-V (Felix Ion Pump)
-------------------------- open V () result=[(True, True)]
action=open, ok=True, locked=[False]
executed snippet estimated_duration=0, duration=0.390234947205
felix_pump_ms.py completed successfully
setting _ms_pumptime
Post Measurement Finished
14:15:51 -- ******* Post Measurement Finished *******
$$$$$$$$$$$$$$$$$$$$ state at run end measurement
state changed from measurement to success
post measurement save measured=True aborted=False
Set filtering
setting fod for Ar40= {'filter_outliers': True, 'std_devs': 2, 'iterations': 2}
setting fod for H2= {'filter_outliers': True, 'std_devs': 2, 'iterations': 1}
setting fod for Ar36= {'filter_outliers': True, 'std_devs': 2, 'iterations': 2}
setting fod for L2(CDD)= {'filter_outliers': True, 'std_devs': 2, 'iterations': 1}
setting fod for Ar37= {'filter_outliers': True, 'std_devs': 2, 'iterations': 2}
setting fod for L1= {'filter_outliers': True, 'std_devs': 2, 'iterations': 1}
setting fod for Ar38= {'filter_outliers': True, 'std_devs': 2, 'iterations': 2}
setting fod for AX= {'filter_outliers': True, 'std_devs': 2, 'iterations': 1}
setting fod for Ar39= {'filter_outliers': True, 'std_devs': 2, 'iterations': 2}
setting fod for H1= {'filter_outliers': True, 'std_devs': 2, 'iterations': 1}
persistence save...
persistence save - db
post measurement save
5965620528 connecting to database sqlite:////Users/obama/PychronDev/.appdata/local_lab.db
connected to db sqlite:////Users/obama/PychronDev/.appdata/local_lab.db
create new session 5965620528
close session 5965620528
No database instance. Not saving post measurement to isotopedb database
$$$$$$$$$$$$$$$ auto_save_detector_ic=False
massspec enabled True
create new session 4965084336
MassSpec Database Version: 16.0
close session 4965084336
saving post measurement to secondary database
saving to massspec database 129.138.12.160/massspecdata
setting labnumber to 65497
setting aliquot to 13
setting step to D
setting uuid to 872c19bd-6145-4b47-a031-e60b656d8bcd
setting irradpos to 65497
setting extract_device to Fusions Diode
setting tray to 
setting position to 42
setting power_requested to 3.5
setting extract_value to 3.5
setting duration to 40.0
setting duration_at_request to 40.0
setting first_stage_delay to 40.0
setting cleanup to 60.0
setting comment to 
setting irradiation to NM-289
setting level to E
setting irradiation_level to E
setting sample to BaP-J3
setting material to Biotite
setting project to Belanger975
setting mass_spectrometer to Felix
no attribute chron_dosages
no attribute production_ratios
no attribute interference_corrections
no attribute production_name
no attribute j
Reference Isotope=Ar40
Reference Detector=H2
%%%%%%%%%%%%%%%%%%%% Comment:  %%%%%%%%%%%%%%%%%%%
adding isotope Ar40 H2
add baseline dbdet= Ar40. original det= H2
get baseline data Ar40 H2
Get data baseline <pychron.processing.isotope.Baseline object at 0x1c05ad0d0> len t=120
baseline Ar40. v=-0.0809350608767, e=0.00867815113714
get signal data Ar40 H2
Get data signal Ar40 0.378+/-0.018 len t=400
adding isotope Ar39 H1
add baseline dbdet= Ar39. original det= H1
get baseline data Ar39 H1
Get data baseline <pychron.processing.isotope.Baseline object at 0x161f17a10> len t=120
baseline Ar39. v=-0.0283883327701, e=0.0117780642657
get signal data Ar39 H1
Get data signal Ar39 -0.021+/-0.021 len t=400
adding isotope Ar38 AX
add baseline dbdet= Ar38. original det= AX
get baseline data Ar38 AX
Get data baseline <pychron.processing.isotope.Baseline object at 0x1af3ec090> len t=120
baseline Ar38. v=-0.0904259741726, e=0.0101132636712
get signal data Ar38 AX
Get data signal Ar38 -0.014+/-0.013 len t=400
adding isotope Ar37 L1
add baseline dbdet= Ar37. original det= L1
get baseline data Ar37 L1
Get data baseline <pychron.processing.isotope.Baseline object at 0x1af3ecd50> len t=120
baseline Ar37. v=-0.176349859599, e=0.0096502256244
get signal data Ar37 L1
Get data signal Ar37 -0.022+/-0.011 len t=400
adding isotope Ar36 L2(CDD)
add baseline dbdet= Ar36. original det= L2(CDD)
get baseline data Ar36 L2(CDD)
Get data baseline <pychron.processing.isotope.Baseline object at 0x1af3ec650> len t=120
baseline Ar36. v=0.0, e=0.0
get signal data Ar36 L2(CDD)
Get data signal Ar36 0.00128+/-0.00014 len t=400
65497-13D added analysis time 0.625436782837s
analysis added to mass spec database
mass spec save time= 0.651
persistence save - dvc
================= post measurement started
create new session 4919767504
close session 4919767504
---------------- Experiment Queue saving disabled
DVC saving peakcenter
Smart pull ahead: 0 behind: 0
Up-to-date with origin
add to repo msg=modified - 1e2ad98a77a0f8b97e0df49be2474708cb221738.json
add to repo msg=modified - 97-13D.json
add to repo msg=modified - 97-13D.dat.json
add to repo msg=modified - 97-13D.blan.json
add to repo msg=modified - 97-13D.inte.json
add to repo msg=modified - 97-13D.icfa.json
add to repo msg=modified - 97-13D.base.json
not at valid file /Users/obama/PychronDev/data/.dvc/repositories/Load1797/654/tags/97-13D.tags.json
add to repo msg=modified - 97-13D.peak.json
add to repo msg=modified - 97-13D.extr.json
not at valid file /Users/obama/PychronDev/data/.dvc/repositories/Load1797/654/monitor/97-13D.moni.json
commit message=<COLLECTION>
add to repo msg=modified - 97-13D.inte.json
add to repo msg=modified - 97-13D.base.json
commit message=<ISOEVO> default collection fits
add to repo msg=modified - 97-13D.blan.json
commit message=<BLANKS> preceding bu-FD-F-611
add to repo msg=modified - 97-13D.icfa.json
commit message=<ICFactor> default
push repository <pychron.git_archive.repo_manager.GitRepoManager object at 0x1a57e3050>
pushing to remote=origin, url=https://github.com
no changes to meta repo
create new session 4919767504
add association Load1797
get identifier "65497"
setting analysis irradiation position=<pychron.dvc.dvc_orm.IrradiationPositionTbl object at 0x16cdeb1d0>
close session 4919767504
================= post measurement finished
14:16:05 -- ******* Post Run Check *******
loading queue conditionals post_run_actions
loading system conditionals post_run_actions
loading conditionals from /Users/obama/PychronDev/setupfiles/spectrometer/default_conditionals.yaml
loading queue conditionals post_run_terminations
loading system conditionals post_run_terminations
loading conditionals from /Users/obama/PychronDev/setupfiles/spectrometer/default_conditionals.yaml
Checking default post run terminations n=1
GetDeflection L2 (CDD) ===>> 0
testing L2_CDD_==3250
evaluate ot="L2(CDD).deflection==3250" t="L2_CDD_==3250", ctx="{'L2_CDD_': 0.0}"
14:16:05 -- ******* Post Run Check Passed *******
14:16:05 -- Automated run 65497-13D success duration: 740.814 s
----------------- finish -----------------
----------------- stop -----------------
retroactive repository identifiers disabled
finish run. runs completed=131
update duration runid=65497-13D, duration=740.814320087, md5=0f1daef3
loading script "felix_analysis400_120.py"
loading script "felix_pump_ms.py"
loading script "felix_diode.py"
loading script "felix_pump_extraction_line.py"
testing...
no interpolation path defined
executed snippet estimated_duration=624.242112, duration=0.000322103500366
script duration name:analysis400_120 seconds:624.0
loading script "felix_analysis400_120.py"
loading script "felix_pump_ms.py"
loading script "felix_diode.py"
loading script "felix_pump_extraction_line.py"
testing...
no interpolation path defined
executed snippet estimated_duration=0, duration=3.09944152832e-05
loading script "felix_analysis400_120.py"
loading script "felix_pump_ms.py"
loading script "felix_diode.py"
loading script "felix_pump_extraction_line.py"
testing...
no interpolation path defined
calculate duration
testing...
no interpolation path defined
executed snippet estimated_duration=0, duration=0.000104904174805
calculate duration
testing...
no interpolation path defined
executed snippet estimated_duration=0, duration=3.40938568115e-05
calculate duration
testing...
no interpolation path defined
executed snippet estimated_duration=42.0, duration=0.000156164169312
executed snippet estimated_duration=42.0, duration=0.0153329372406
script duration name:diode seconds:42.0
loading script "felix_analysis400_120.py"
loading script "felix_pump_ms.py"
loading script "felix_diode.py"
loading script "felix_pump_extraction_line.py"
testing...
no interpolation path defined
calculate duration
testing...
no interpolation path defined
executed snippet estimated_duration=4.0, duration=0.000304937362671
executed snippet estimated_duration=4.0, duration=0.00483107566833
Script duration 666.0
Run total estimated duration= 667.000
analysis400_120 in script context. using previous estimated duration
script duration name:analysis400_120 seconds:624.0
pump_ms in script context. using previous estimated duration
diode in script context. using previous estimated duration
script duration name:diode seconds:42.0
pump_extraction_line in script context. using previous estimated duration
Script duration 666.0
Run total estimated duration= 667.000
script duration name:analysis400_120 seconds:624.0
script duration name:diode seconds:42.0
Script duration 666.0
Run total estimated duration= 667.000
script duration name:analysis400_120 seconds:624.0
script duration name:diode seconds:42.0
Script duration 666.0
Run total estimated duration= 667.000
script duration name:analysis400_120 seconds:624.0
script duration name:diode seconds:42.0
Script duration 666.0
Run total estimated duration= 667.000
script duration name:analysis400_120 seconds:624.0
script duration name:diode seconds:42.0
Script duration 666.0
Run total estimated duration= 667.000
script duration name:analysis400_120 seconds:624.0
script duration name:diode seconds:42.0
Script duration 666.0
Run total estimated duration= 667.000
script duration name:analysis400_120 seconds:624.0
script duration name:diode seconds:42.0
Script duration 666.0
Run total estimated duration= 667.000
script duration name:analysis400_120 seconds:624.0
script duration name:diode seconds:42.0
Script duration 666.0
Run total estimated duration= 667.000
script duration name:analysis400_120 seconds:624.0
script duration name:diode seconds:42.0
Script duration 666.0
Run total estimated duration= 667.000
script duration name:analysis400_120 seconds:624.0
script duration name:diode seconds:42.0
Script duration 666.0
Run total estimated duration= 667.000
script duration name:analysis400_120 seconds:624.0
script duration name:diode seconds:42.0
Script duration 666.0
Run total estimated duration= 667.000
script duration name:analysis400_120 seconds:624.0
script duration name:diode seconds:42.0
Script duration 666.0
Run total estimated duration= 667.000
script duration name:analysis400_120 seconds:624.0
script duration name:diode seconds:42.0
Script duration 666.0
Run total estimated duration= 667.000
script duration name:analysis400_120 seconds:624.0
script duration name:diode seconds:42.0
Script duration 666.0
Run total estimated duration= 667.000
script duration name:analysis400_120 seconds:624.0
script duration name:diode seconds:42.0
Script duration 666.0
Run total estimated duration= 667.000
script duration name:analysis400_120 seconds:624.0
script duration name:diode seconds:42.0
Script duration 666.0
Run total estimated duration= 667.000
script duration name:analysis400_120 seconds:624.0
script duration name:diode seconds:42.0
Script duration 666.0
Run total estimated duration= 667.000
script duration name:analysis400_120 seconds:624.0
script duration name:diode seconds:42.0
Script duration 666.0
Run total estimated duration= 667.000
script duration name:analysis400_120 seconds:624.0
script duration name:diode seconds:42.0
Script duration 666.0
Run total estimated duration= 667.000
script duration name:analysis400_120 seconds:624.0
loading script "felix_analysis400_120.py"
loading script "felix_pump_ms.py"
loading script "felix_air_x2.py"
loading script "felix_pump_extraction_line.py"
testing...
no interpolation path defined
calculate duration
testing...
no interpolation path defined
executed snippet estimated_duration=0, duration=6.89029693604e-05
calculate duration
testing...
no interpolation path defined
executed snippet estimated_duration=0, duration=0.000195026397705
calculate duration
testing...
no interpolation path defined
executed snippet estimated_duration=32.0, duration=0.000203132629395
calculate duration
testing...
no interpolation path defined
executed snippet estimated_duration=34.0, duration=0.000149011611938
calculate duration
testing...
no interpolation path defined
executed snippet estimated_duration=2.0, duration=0.000102996826172
calculate duration
testing...
no interpolation path defined
executed snippet estimated_duration=34.0, duration=0.000130891799927
calculate duration
testing...
no interpolation path defined
executed snippet estimated_duration=34.0, duration=0.000185966491699
calculate duration
testing...
no interpolation path defined
executed snippet estimated_duration=34.0, duration=0.000115156173706
executed snippet estimated_duration=174.0, duration=0.0428810119629
script duration name:air_x2 seconds:174.0
Script duration 798.0
Run total estimated duration= 799.000
script duration name:analysis400_120 seconds:624.0
air_x2 in script context. using previous estimated duration
script duration name:air_x2 seconds:174.0
Script duration 798.0
Run total estimated duration= 799.000
script duration name:analysis400_120 seconds:624.0
script duration name:air_x2 seconds:174.0
Script duration 798.0
Run total estimated duration= 799.000
script duration name:analysis400_120 seconds:624.0
script duration name:air_x2 seconds:174.0
Script duration 798.0
Run total estimated duration= 799.000
script duration name:analysis400_120 seconds:624.0
script duration name:air_x2 seconds:174.0
Script duration 798.0
Run total estimated duration= 799.000
script duration name:analysis400_120 seconds:624.0
loading script "felix_analysis400_120.py"
loading script "felix_pump_ms.py"
loading script "felix_cocktail_x3.py"
loading script "felix_pump_extraction_line.py"
testing...
no interpolation path defined
calculate duration
testing...
no interpolation path defined
executed snippet estimated_duration=0, duration=6.91413879395e-05
calculate duration
testing...
no interpolation path defined
executed snippet estimated_duration=0, duration=0.000255107879639
calculate duration
testing...
no interpolation path defined
executed snippet estimated_duration=32.0, duration=0.000128984451294
calculate duration
testing...
no interpolation path defined
executed snippet estimated_duration=34.0, duration=0.000205993652344
calculate duration
testing...
no interpolation path defined
executed snippet estimated_duration=2.0, duration=0.000115871429443
calculate duration
testing...
no interpolation path defined
executed snippet estimated_duration=34.0, duration=0.000145196914673
calculate duration
testing...
no interpolation path defined
executed snippet estimated_duration=34.0, duration=0.000181913375854
calculate duration
testing...
no interpolation path defined
executed snippet estimated_duration=34.0, duration=0.000130176544189
calculate duration
testing...
no interpolation path defined
executed snippet estimated_duration=34.0, duration=0.000174045562744
calculate duration
testing...
no interpolation path defined
executed snippet estimated_duration=34.0, duration=0.000125885009766
executed snippet estimated_duration=244.0, duration=0.0578229427338
script duration name:cocktail_x3 seconds:244.0
Script duration 868.0
Run total estimated duration= 869.000
script duration name:analysis400_120 seconds:624.0
cocktail_x3 in script context. using previous estimated duration
script duration name:cocktail_x3 seconds:244.0
Script duration 868.0
Run total estimated duration= 869.000
script duration name:analysis400_120 seconds:624.0
script duration name:cocktail_x3 seconds:244.0
Script duration 868.0
Run total estimated duration= 869.000
nruns=28 before=5.0, run_dur=19942.0, btw=810.0
write rem/ex queues
/Users/obama/PychronDev/experiments/rem/Load1797.rem.txt
/Users/obama/PychronDev/experiments/rem/Load1797.ex.txt
doing event level: 3
